2016-10-27 23:40:56,854 [ModalContext] WARN  o.e.m.j.i.JavaProjectConversionParticipant - Assignment3 has multiple source entries, this is not supported yet
2016-10-27 23:41:04,758 [Worker-630] INFO  o.e.m.c.i.l.LifecycleMappingFactory - Using org.eclipse.m2e.jdt.JarLifecycleMapping lifecycle mapping for MavenProject: Assignment3:Assignment3:0.0.1-SNAPSHOT @ D:\workspace\USU Assignment\USU-Assignments\CS5700 - Object Oriented Software Development\Assignment 3\Assignment 3\pom.xml.
2016-10-27 23:41:07,777 [Worker-628] WARN  o.e.m.c.i.embedder.EclipseLogger - Using platform encoding (Cp1252 actually) to copy filtered resources, i.e. build is platform dependent!
2016-10-27 23:41:07,794 [Worker-628] INFO  o.e.m.c.i.embedder.EclipseLogger - Copying 8 resources
2016-10-27 23:41:07,853 [Worker-628] WARN  o.e.m.c.i.embedder.EclipseLogger - Using platform encoding (Cp1252 actually) to copy filtered resources, i.e. build is platform dependent!
2016-10-27 23:41:07,859 [Worker-628] INFO  o.e.m.c.i.embedder.EclipseLogger - skip non existing resourceDirectory D:\workspace\USU Assignment\USU-Assignments\CS5700 - Object Oriented Software Development\Assignment 3\Assignment 3\src\test\resources
2016-10-27 23:41:07,962 [Worker-630] INFO  o.e.m.j.i.AbstractJavaProjectConfigurator - Adding source folder /Assignment 3/src
2016-10-27 23:41:07,966 [Worker-630] INFO  o.e.m.j.i.AbstractJavaProjectConfigurator - Adding resource folder /Assignment 3/img
2016-10-27 23:41:08,013 [Worker-630] INFO  o.e.m.j.i.AbstractJavaProjectConfigurator - Not adding source folder /Assignment 3/src/test/java because it overlaps with /Assignment 3/src
2016-10-27 23:41:08,309 [Worker-630] INFO  o.e.m.c.i.p.ProjectConfigurationManager - Update started
2016-10-27 23:41:08,902 [Worker-630] INFO  o.e.m.c.i.l.LifecycleMappingFactory - Using org.eclipse.m2e.jdt.JarLifecycleMapping lifecycle mapping for MavenProject: Assignment3:Assignment3:0.0.1-SNAPSHOT @ D:\workspace\USU Assignment\USU-Assignments\CS5700 - Object Oriented Software Development\Assignment 3\Assignment 3\pom.xml.
2016-10-27 23:41:09,597 [Worker-630] INFO  o.e.m.j.i.AbstractJavaProjectConfigurator - Adding source folder /Assignment 3/src
2016-10-27 23:41:09,597 [Worker-630] INFO  o.e.m.j.i.AbstractJavaProjectConfigurator - Adding resource folder /Assignment 3/img
2016-10-27 23:41:09,599 [Worker-630] INFO  o.e.m.j.i.AbstractJavaProjectConfigurator - Not adding source folder /Assignment 3/src/test/java because it overlaps with /Assignment 3/src
2016-10-27 23:41:09,664 [Worker-630] INFO  o.e.m.c.i.p.ProjectConfigurationManager - Update completed: 1 sec
2016-10-27 23:41:09,904 [Worker-637] WARN  o.e.m.c.i.embedder.EclipseLogger - Using platform encoding (Cp1252 actually) to copy filtered resources, i.e. build is platform dependent!
2016-10-27 23:41:09,929 [Worker-637] INFO  o.e.m.c.i.embedder.EclipseLogger - Copying 8 resources
2016-10-27 23:41:09,966 [Worker-637] WARN  o.e.m.c.i.embedder.EclipseLogger - Using platform encoding (Cp1252 actually) to copy filtered resources, i.e. build is platform dependent!
2016-10-27 23:41:09,973 [Worker-637] INFO  o.e.m.c.i.embedder.EclipseLogger - skip non existing resourceDirectory D:\workspace\USU Assignment\USU-Assignments\CS5700 - Object Oriented Software Development\Assignment 3\Assignment 3\src\test\resources
2016-10-27 23:47:18,049 [Worker-645] INFO  o.e.m.c.i.l.LifecycleMappingFactory - Using org.eclipse.m2e.jdt.JarLifecycleMapping lifecycle mapping for MavenProject: Assignment3:Assignment3:0.0.1-SNAPSHOT @ D:\workspace\USU Assignment\USU-Assignments\CS5700 - Object Oriented Software Development\Assignment 3\Assignment 3\pom.xml.
2016-10-27 23:47:18,693 [Worker-645] INFO  o.e.m.c.i.e.AbstractTransferListenerAdapter - Downloading https://repo.maven.apache.org/maven2/net/sf/json-lib/json-lib/2.4/json-lib-2.4.pom
2016-10-27 23:47:18,810 [Worker-645] INFO  o.e.m.c.i.e.AbstractTransferListenerAdapter - Downloaded https://repo.maven.apache.org/maven2/net/sf/json-lib/json-lib/2.4/json-lib-2.4.pom
2016-10-27 23:47:18,881 [Worker-645] INFO  o.e.m.c.i.e.AbstractTransferListenerAdapter - Downloading https://repo.maven.apache.org/maven2/commons-beanutils/commons-beanutils/1.8.0/commons-beanutils-1.8.0.pom
2016-10-27 23:47:18,963 [Worker-645] INFO  o.e.m.c.i.e.AbstractTransferListenerAdapter - Downloaded https://repo.maven.apache.org/maven2/commons-beanutils/commons-beanutils/1.8.0/commons-beanutils-1.8.0.pom
2016-10-27 23:47:19,035 [Worker-645] INFO  o.e.m.c.i.e.AbstractTransferListenerAdapter - Downloading https://repo.maven.apache.org/maven2/commons-logging/commons-logging/1.1.1/commons-logging-1.1.1.pom
2016-10-27 23:47:19,126 [Worker-645] INFO  o.e.m.c.i.e.AbstractTransferListenerAdapter - Downloaded https://repo.maven.apache.org/maven2/commons-logging/commons-logging/1.1.1/commons-logging-1.1.1.pom
2016-10-27 23:47:19,195 [Worker-645] INFO  o.e.m.c.i.e.AbstractTransferListenerAdapter - Downloading https://repo.maven.apache.org/maven2/org/apache/commons/commons-parent/5/commons-parent-5.pom
2016-10-27 23:47:19,274 [Worker-645] INFO  o.e.m.c.i.e.AbstractTransferListenerAdapter - Downloaded https://repo.maven.apache.org/maven2/org/apache/commons/commons-parent/5/commons-parent-5.pom
2016-10-27 23:47:19,447 [Worker-645] INFO  o.e.m.c.i.e.AbstractTransferListenerAdapter - Downloading https://repo.maven.apache.org/maven2/net/sf/ezmorph/ezmorph/1.0.6/ezmorph-1.0.6.pom
2016-10-27 23:47:19,518 [Worker-645] INFO  o.e.m.c.i.e.AbstractTransferListenerAdapter - Downloaded https://repo.maven.apache.org/maven2/net/sf/ezmorph/ezmorph/1.0.6/ezmorph-1.0.6.pom
2016-10-27 23:47:19,585 [Worker-645] INFO  o.e.m.c.i.e.AbstractTransferListenerAdapter - Downloading https://repo.maven.apache.org/maven2/commons-lang/commons-lang/2.3/commons-lang-2.3.pom
2016-10-27 23:47:19,660 [Worker-645] INFO  o.e.m.c.i.e.AbstractTransferListenerAdapter - Downloaded https://repo.maven.apache.org/maven2/commons-lang/commons-lang/2.3/commons-lang-2.3.pom
2016-10-27 23:47:19,779 [Worker-645] INFO  o.e.m.c.i.e.AbstractTransferListenerAdapter - Downloaded https://repo.maven.apache.org/maven2/net/sf/json-lib/json-lib/2.4/json-lib-2.4.jar
2016-10-27 23:47:20,044 [Worker-645] INFO  o.e.m.c.i.e.AbstractTransferListenerAdapter - Downloading https://repo.maven.apache.org/maven2/commons-beanutils/commons-beanutils/1.8.0/commons-beanutils-1.8.0.jar
2016-10-27 23:47:20,387 [Worker-645] INFO  o.e.m.c.i.e.AbstractTransferListenerAdapter - Downloaded https://repo.maven.apache.org/maven2/commons-beanutils/commons-beanutils/1.8.0/commons-beanutils-1.8.0.jar
2016-10-27 23:47:20,444 [Worker-645] INFO  o.e.m.c.i.e.AbstractTransferListenerAdapter - Downloading https://repo.maven.apache.org/maven2/commons-lang/commons-lang/2.5/commons-lang-2.5.jar
2016-10-27 23:47:20,582 [Worker-645] INFO  o.e.m.c.i.e.AbstractTransferListenerAdapter - Downloaded https://repo.maven.apache.org/maven2/commons-lang/commons-lang/2.5/commons-lang-2.5.jar
2016-10-27 23:47:20,639 [Worker-645] INFO  o.e.m.c.i.e.AbstractTransferListenerAdapter - Downloading https://repo.maven.apache.org/maven2/commons-logging/commons-logging/1.1.1/commons-logging-1.1.1.jar
2016-10-27 23:47:20,719 [Worker-645] INFO  o.e.m.c.i.e.AbstractTransferListenerAdapter - Downloaded https://repo.maven.apache.org/maven2/commons-logging/commons-logging/1.1.1/commons-logging-1.1.1.jar
2016-10-27 23:47:20,781 [Worker-645] INFO  o.e.m.c.i.e.AbstractTransferListenerAdapter - Downloading https://repo.maven.apache.org/maven2/net/sf/ezmorph/ezmorph/1.0.6/ezmorph-1.0.6.jar
2016-10-27 23:47:20,858 [Worker-645] INFO  o.e.m.c.i.e.AbstractTransferListenerAdapter - Downloaded https://repo.maven.apache.org/maven2/net/sf/ezmorph/ezmorph/1.0.6/ezmorph-1.0.6.jar
2016-10-27 23:47:22,443 [Worker-645] WARN  o.e.m.c.i.embedder.EclipseLogger - Using platform encoding (Cp1252 actually) to copy filtered resources, i.e. build is platform dependent!
2016-10-27 23:47:22,473 [Worker-645] INFO  o.e.m.c.i.embedder.EclipseLogger - Copying 8 resources
2016-10-27 23:47:22,478 [Worker-645] WARN  o.e.m.c.i.embedder.EclipseLogger - Using platform encoding (Cp1252 actually) to copy filtered resources, i.e. build is platform dependent!
2016-10-27 23:47:22,483 [Worker-645] INFO  o.e.m.c.i.embedder.EclipseLogger - skip non existing resourceDirectory D:\workspace\USU Assignment\USU-Assignments\CS5700 - Object Oriented Software Development\Assignment 3\Assignment 3\src\test\resources
2016-10-27 23:50:30,768 [Worker-652] INFO  o.e.m.c.i.l.LifecycleMappingFactory - Using org.eclipse.m2e.jdt.JarLifecycleMapping lifecycle mapping for MavenProject: Assignment3:Assignment3:0.0.1-SNAPSHOT @ D:\workspace\USU Assignment\USU-Assignments\CS5700 - Object Oriented Software Development\Assignment 3\Assignment 3\pom.xml.
2016-10-27 23:50:31,002 [Worker-652] WARN  o.e.m.c.i.embedder.EclipseLogger - Using platform encoding (Cp1252 actually) to copy filtered resources, i.e. build is platform dependent!
2016-10-27 23:50:31,008 [Worker-652] INFO  o.e.m.c.i.embedder.EclipseLogger - Copying 0 resource
2016-10-27 23:50:31,010 [Worker-652] WARN  o.e.m.c.i.embedder.EclipseLogger - Using platform encoding (Cp1252 actually) to copy filtered resources, i.e. build is platform dependent!
2016-10-27 23:50:31,014 [Worker-652] INFO  o.e.m.c.i.embedder.EclipseLogger - skip non existing resourceDirectory D:\workspace\USU Assignment\USU-Assignments\CS5700 - Object Oriented Software Development\Assignment 3\Assignment 3\src\test\resources
2016-10-27 23:50:32,483 [Worker-643] WARN  o.e.m.c.i.embedder.EclipseLogger - Using platform encoding (Cp1252 actually) to copy filtered resources, i.e. build is platform dependent!
2016-10-27 23:50:32,489 [Worker-643] INFO  o.e.m.c.i.embedder.EclipseLogger - Copying 8 resources
2016-10-27 23:50:32,595 [Worker-643] WARN  o.e.m.c.i.embedder.EclipseLogger - Using platform encoding (Cp1252 actually) to copy filtered resources, i.e. build is platform dependent!
2016-10-27 23:50:32,599 [Worker-643] INFO  o.e.m.c.i.embedder.EclipseLogger - skip non existing resourceDirectory D:\workspace\USU Assignment\USU-Assignments\CS5700 - Object Oriented Software Development\Assignment 3\Assignment 3\src\test\resources
2016-10-27 23:51:56,314 [Worker-654] WARN  o.e.m.c.i.embedder.EclipseLogger - Using platform encoding (Cp1252 actually) to copy filtered resources, i.e. build is platform dependent!
2016-10-27 23:51:56,320 [Worker-654] INFO  o.e.m.c.i.embedder.EclipseLogger - Copying 8 resources
2016-10-27 23:51:56,321 [Worker-654] WARN  o.e.m.c.i.embedder.EclipseLogger - Using platform encoding (Cp1252 actually) to copy filtered resources, i.e. build is platform dependent!
2016-10-27 23:51:56,325 [Worker-654] INFO  o.e.m.c.i.embedder.EclipseLogger - skip non existing resourceDirectory D:\workspace\USU Assignment\USU-Assignments\CS5700 - Object Oriented Software Development\Assignment 3\Assignment 3\src\test\resources
2016-10-27 23:52:28,570 [Worker-649] INFO  o.e.m.c.i.e.AbstractTransferListenerAdapter - Downloading https://repo.maven.apache.org/maven2/com/fasterxml/jackson/core/jackson-databind/2.8.2/jackson-databind-2.8.2-sources.jar
2016-10-27 23:52:29,105 [Worker-649] INFO  o.e.m.c.i.e.AbstractTransferListenerAdapter - Downloaded https://repo.maven.apache.org/maven2/com/fasterxml/jackson/core/jackson-databind/2.8.2/jackson-databind-2.8.2-sources.jar
2016-10-27 23:52:29,444 [Worker-649] INFO  o.e.m.j.internal.DownloadSourcesJob - Downloaded sources for com.fasterxml.jackson.core:jackson-databind:2.8.2
2016-10-27 23:52:29,630 [Worker-651] WARN  o.e.m.c.i.embedder.EclipseLogger - Using platform encoding (Cp1252 actually) to copy filtered resources, i.e. build is platform dependent!
2016-10-27 23:52:29,634 [Worker-651] INFO  o.e.m.c.i.embedder.EclipseLogger - Copying 0 resource
2016-10-27 23:52:29,636 [Worker-651] WARN  o.e.m.c.i.embedder.EclipseLogger - Using platform encoding (Cp1252 actually) to copy filtered resources, i.e. build is platform dependent!
2016-10-27 23:52:29,640 [Worker-651] INFO  o.e.m.c.i.embedder.EclipseLogger - skip non existing resourceDirectory D:\workspace\USU Assignment\USU-Assignments\CS5700 - Object Oriented Software Development\Assignment 3\Assignment 3\src\test\resources
2016-10-28 10:39:03,756 [Worker-0] INFO  o.e.m.c.i.l.LifecycleMappingFactory - Using org.eclipse.m2e.jdt.JarLifecycleMapping lifecycle mapping for MavenProject: Assignment3:Assignment3:0.0.1-SNAPSHOT @ D:\workspace\USU Assignment\USU-Assignments\CS5700 - Object Oriented Software Development\Assignment 3\Assignment 3\pom.xml.
2016-10-28 10:39:09,542 [Worker-0] WARN  o.e.m.c.i.embedder.EclipseLogger - Using platform encoding (Cp1252 actually) to copy filtered resources, i.e. build is platform dependent!
2016-10-28 10:39:09,554 [Worker-0] INFO  o.e.m.c.i.embedder.EclipseLogger - Copying 8 resources
2016-10-28 10:39:09,690 [Worker-0] WARN  o.e.m.c.i.embedder.EclipseLogger - Using platform encoding (Cp1252 actually) to copy filtered resources, i.e. build is platform dependent!
2016-10-28 10:39:09,697 [Worker-0] INFO  o.e.m.c.i.embedder.EclipseLogger - skip non existing resourceDirectory D:\workspace\USU Assignment\USU-Assignments\CS5700 - Object Oriented Software Development\Assignment 3\Assignment 3\src\test\resources
2016-10-28 10:40:12,333 [Worker-5] WARN  o.e.m.c.i.embedder.EclipseLogger - Using platform encoding (Cp1252 actually) to copy filtered resources, i.e. build is platform dependent!
2016-10-28 10:40:12,358 [Worker-5] INFO  o.e.m.c.i.embedder.EclipseLogger - Copying 8 resources
2016-10-28 10:40:12,362 [Worker-5] WARN  o.e.m.c.i.embedder.EclipseLogger - Using platform encoding (Cp1252 actually) to copy filtered resources, i.e. build is platform dependent!
2016-10-28 10:40:12,373 [Worker-5] INFO  o.e.m.c.i.embedder.EclipseLogger - skip non existing resourceDirectory D:\workspace\USU Assignment\USU-Assignments\CS5700 - Object Oriented Software Development\Assignment 3\Assignment 3\src\test\resources
2016-10-28 10:49:38,530 [Worker-19] WARN  o.e.m.c.i.embedder.EclipseLogger - Using platform encoding (Cp1252 actually) to copy filtered resources, i.e. build is platform dependent!
2016-10-28 10:49:38,538 [Worker-19] INFO  o.e.m.c.i.embedder.EclipseLogger - Copying 8 resources
2016-10-28 10:49:38,540 [Worker-19] WARN  o.e.m.c.i.embedder.EclipseLogger - Using platform encoding (Cp1252 actually) to copy filtered resources, i.e. build is platform dependent!
2016-10-28 10:49:38,545 [Worker-19] INFO  o.e.m.c.i.embedder.EclipseLogger - skip non existing resourceDirectory D:\workspace\USU Assignment\USU-Assignments\CS5700 - Object Oriented Software Development\Assignment 3\Assignment 3\src\test\resources
2016-10-28 10:59:54,333 [Worker-22] WARN  o.e.m.c.i.embedder.EclipseLogger - Using platform encoding (Cp1252 actually) to copy filtered resources, i.e. build is platform dependent!
2016-10-28 10:59:54,339 [Worker-22] INFO  o.e.m.c.i.embedder.EclipseLogger - Copying 8 resources
2016-10-28 10:59:54,343 [Worker-22] WARN  o.e.m.c.i.embedder.EclipseLogger - Using platform encoding (Cp1252 actually) to copy filtered resources, i.e. build is platform dependent!
2016-10-28 10:59:54,351 [Worker-22] INFO  o.e.m.c.i.embedder.EclipseLogger - skip non existing resourceDirectory D:\workspace\USU Assignment\USU-Assignments\CS5700 - Object Oriented Software Development\Assignment 3\Assignment 3\src\test\resources
2016-10-28 13:35:48,708 [Worker-72] WARN  o.e.m.c.i.embedder.EclipseLogger - Using platform encoding (Cp1252 actually) to copy filtered resources, i.e. build is platform dependent!
2016-10-28 13:35:48,715 [Worker-72] INFO  o.e.m.c.i.embedder.EclipseLogger - Copying 8 resources
2016-10-28 13:35:48,717 [Worker-72] WARN  o.e.m.c.i.embedder.EclipseLogger - Using platform encoding (Cp1252 actually) to copy filtered resources, i.e. build is platform dependent!
2016-10-28 13:35:48,722 [Worker-72] INFO  o.e.m.c.i.embedder.EclipseLogger - skip non existing resourceDirectory D:\workspace\USU Assignment\USU-Assignments\CS5700 - Object Oriented Software Development\Assignment 3\Assignment 3\src\test\resources
2016-10-28 14:07:44,473 [Worker-85] WARN  o.e.m.c.i.embedder.EclipseLogger - Using platform encoding (Cp1252 actually) to copy filtered resources, i.e. build is platform dependent!
2016-10-28 14:07:44,479 [Worker-85] INFO  o.e.m.c.i.embedder.EclipseLogger - Copying 8 resources
2016-10-28 14:07:44,483 [Worker-85] WARN  o.e.m.c.i.embedder.EclipseLogger - Using platform encoding (Cp1252 actually) to copy filtered resources, i.e. build is platform dependent!
2016-10-28 14:07:44,489 [Worker-85] INFO  o.e.m.c.i.embedder.EclipseLogger - skip non existing resourceDirectory D:\workspace\USU Assignment\USU-Assignments\CS5700 - Object Oriented Software Development\Assignment 3\Assignment 3\src\test\resources
2016-10-28 14:08:25,189 [Worker-81] WARN  o.e.m.c.i.embedder.EclipseLogger - Using platform encoding (Cp1252 actually) to copy filtered resources, i.e. build is platform dependent!
2016-10-28 14:08:25,194 [Worker-81] INFO  o.e.m.c.i.embedder.EclipseLogger - Copying 8 resources
2016-10-28 14:08:25,196 [Worker-81] WARN  o.e.m.c.i.embedder.EclipseLogger - Using platform encoding (Cp1252 actually) to copy filtered resources, i.e. build is platform dependent!
2016-10-28 14:08:25,201 [Worker-81] INFO  o.e.m.c.i.embedder.EclipseLogger - skip non existing resourceDirectory D:\workspace\USU Assignment\USU-Assignments\CS5700 - Object Oriented Software Development\Assignment 3\Assignment 3\src\test\resources
2016-10-28 14:09:18,880 [Worker-87] WARN  o.e.m.c.i.embedder.EclipseLogger - Using platform encoding (Cp1252 actually) to copy filtered resources, i.e. build is platform dependent!
2016-10-28 14:09:18,887 [Worker-87] INFO  o.e.m.c.i.embedder.EclipseLogger - Copying 8 resources
2016-10-28 14:09:18,889 [Worker-87] WARN  o.e.m.c.i.embedder.EclipseLogger - Using platform encoding (Cp1252 actually) to copy filtered resources, i.e. build is platform dependent!
2016-10-28 14:09:18,900 [Worker-87] INFO  o.e.m.c.i.embedder.EclipseLogger - skip non existing resourceDirectory D:\workspace\USU Assignment\USU-Assignments\CS5700 - Object Oriented Software Development\Assignment 3\Assignment 3\src\test\resources
2016-10-28 14:09:31,174 [Worker-87] WARN  o.e.m.c.i.embedder.EclipseLogger - Using platform encoding (Cp1252 actually) to copy filtered resources, i.e. build is platform dependent!
2016-10-28 14:09:31,179 [Worker-87] INFO  o.e.m.c.i.embedder.EclipseLogger - Copying 8 resources
2016-10-28 14:09:31,180 [Worker-87] WARN  o.e.m.c.i.embedder.EclipseLogger - Using platform encoding (Cp1252 actually) to copy filtered resources, i.e. build is platform dependent!
2016-10-28 14:09:31,184 [Worker-87] INFO  o.e.m.c.i.embedder.EclipseLogger - skip non existing resourceDirectory D:\workspace\USU Assignment\USU-Assignments\CS5700 - Object Oriented Software Development\Assignment 3\Assignment 3\src\test\resources
2016-10-28 14:10:12,365 [Worker-84] WARN  o.e.m.c.i.embedder.EclipseLogger - Using platform encoding (Cp1252 actually) to copy filtered resources, i.e. build is platform dependent!
2016-10-28 14:10:12,370 [Worker-84] INFO  o.e.m.c.i.embedder.EclipseLogger - Copying 8 resources
2016-10-28 14:10:12,371 [Worker-84] WARN  o.e.m.c.i.embedder.EclipseLogger - Using platform encoding (Cp1252 actually) to copy filtered resources, i.e. build is platform dependent!
2016-10-28 14:10:12,376 [Worker-84] INFO  o.e.m.c.i.embedder.EclipseLogger - skip non existing resourceDirectory D:\workspace\USU Assignment\USU-Assignments\CS5700 - Object Oriented Software Development\Assignment 3\Assignment 3\src\test\resources
2016-10-28 14:10:35,039 [Worker-86] WARN  o.e.m.c.i.embedder.EclipseLogger - Using platform encoding (Cp1252 actually) to copy filtered resources, i.e. build is platform dependent!
2016-10-28 14:10:35,045 [Worker-86] INFO  o.e.m.c.i.embedder.EclipseLogger - Copying 8 resources
2016-10-28 14:10:35,046 [Worker-86] WARN  o.e.m.c.i.embedder.EclipseLogger - Using platform encoding (Cp1252 actually) to copy filtered resources, i.e. build is platform dependent!
2016-10-28 14:10:35,050 [Worker-86] INFO  o.e.m.c.i.embedder.EclipseLogger - skip non existing resourceDirectory D:\workspace\USU Assignment\USU-Assignments\CS5700 - Object Oriented Software Development\Assignment 3\Assignment 3\src\test\resources
2016-10-28 14:10:37,081 [Worker-85] WARN  o.e.m.c.i.embedder.EclipseLogger - Using platform encoding (Cp1252 actually) to copy filtered resources, i.e. build is platform dependent!
2016-10-28 14:10:37,085 [Worker-85] INFO  o.e.m.c.i.embedder.EclipseLogger - Copying 8 resources
2016-10-28 14:10:37,088 [Worker-85] WARN  o.e.m.c.i.embedder.EclipseLogger - Using platform encoding (Cp1252 actually) to copy filtered resources, i.e. build is platform dependent!
2016-10-28 14:10:37,092 [Worker-85] INFO  o.e.m.c.i.embedder.EclipseLogger - skip non existing resourceDirectory D:\workspace\USU Assignment\USU-Assignments\CS5700 - Object Oriented Software Development\Assignment 3\Assignment 3\src\test\resources
2016-10-28 14:14:23,217 [Worker-86] WARN  o.e.m.c.i.embedder.EclipseLogger - Using platform encoding (Cp1252 actually) to copy filtered resources, i.e. build is platform dependent!
2016-10-28 14:14:23,221 [Worker-86] INFO  o.e.m.c.i.embedder.EclipseLogger - Copying 8 resources
2016-10-28 14:14:23,224 [Worker-86] WARN  o.e.m.c.i.embedder.EclipseLogger - Using platform encoding (Cp1252 actually) to copy filtered resources, i.e. build is platform dependent!
2016-10-28 14:14:23,229 [Worker-86] INFO  o.e.m.c.i.embedder.EclipseLogger - skip non existing resourceDirectory D:\workspace\USU Assignment\USU-Assignments\CS5700 - Object Oriented Software Development\Assignment 3\Assignment 3\src\test\resources
2016-10-28 14:17:50,184 [Worker-86] WARN  o.e.m.c.i.embedder.EclipseLogger - Using platform encoding (Cp1252 actually) to copy filtered resources, i.e. build is platform dependent!
2016-10-28 14:17:50,189 [Worker-86] INFO  o.e.m.c.i.embedder.EclipseLogger - Copying 8 resources
2016-10-28 14:17:50,191 [Worker-86] WARN  o.e.m.c.i.embedder.EclipseLogger - Using platform encoding (Cp1252 actually) to copy filtered resources, i.e. build is platform dependent!
2016-10-28 14:17:50,195 [Worker-86] INFO  o.e.m.c.i.embedder.EclipseLogger - skip non existing resourceDirectory D:\workspace\USU Assignment\USU-Assignments\CS5700 - Object Oriented Software Development\Assignment 3\Assignment 3\src\test\resources
2016-10-28 14:35:04,558 [Worker-102] WARN  o.e.m.c.i.embedder.EclipseLogger - Using platform encoding (Cp1252 actually) to copy filtered resources, i.e. build is platform dependent!
2016-10-28 14:35:04,563 [Worker-102] INFO  o.e.m.c.i.embedder.EclipseLogger - Copying 8 resources
2016-10-28 14:35:04,564 [Worker-102] WARN  o.e.m.c.i.embedder.EclipseLogger - Using platform encoding (Cp1252 actually) to copy filtered resources, i.e. build is platform dependent!
2016-10-28 14:35:04,568 [Worker-102] INFO  o.e.m.c.i.embedder.EclipseLogger - skip non existing resourceDirectory D:\workspace\USU Assignment\USU-Assignments\CS5700 - Object Oriented Software Development\Assignment 3\Assignment 3\src\test\resources
2016-10-28 14:59:38,601 [Worker-100] WARN  o.e.m.c.i.embedder.EclipseLogger - Using platform encoding (Cp1252 actually) to copy filtered resources, i.e. build is platform dependent!
2016-10-28 14:59:38,608 [Worker-100] INFO  o.e.m.c.i.embedder.EclipseLogger - Copying 8 resources
2016-10-28 14:59:38,610 [Worker-100] WARN  o.e.m.c.i.embedder.EclipseLogger - Using platform encoding (Cp1252 actually) to copy filtered resources, i.e. build is platform dependent!
2016-10-28 14:59:38,615 [Worker-100] INFO  o.e.m.c.i.embedder.EclipseLogger - skip non existing resourceDirectory D:\workspace\USU Assignment\USU-Assignments\CS5700 - Object Oriented Software Development\Assignment 3\Assignment 3\src\test\resources
2016-10-28 15:00:03,301 [Worker-113] WARN  o.e.m.c.i.embedder.EclipseLogger - Using platform encoding (Cp1252 actually) to copy filtered resources, i.e. build is platform dependent!
2016-10-28 15:00:03,306 [Worker-113] INFO  o.e.m.c.i.embedder.EclipseLogger - Copying 8 resources
2016-10-28 15:00:03,308 [Worker-113] WARN  o.e.m.c.i.embedder.EclipseLogger - Using platform encoding (Cp1252 actually) to copy filtered resources, i.e. build is platform dependent!
2016-10-28 15:00:03,314 [Worker-113] INFO  o.e.m.c.i.embedder.EclipseLogger - skip non existing resourceDirectory D:\workspace\USU Assignment\USU-Assignments\CS5700 - Object Oriented Software Development\Assignment 3\Assignment 3\src\test\resources
2016-10-28 15:04:21,095 [Worker-116] WARN  o.e.m.c.i.embedder.EclipseLogger - Using platform encoding (Cp1252 actually) to copy filtered resources, i.e. build is platform dependent!
2016-10-28 15:04:21,100 [Worker-116] INFO  o.e.m.c.i.embedder.EclipseLogger - Copying 8 resources
2016-10-28 15:04:21,101 [Worker-116] WARN  o.e.m.c.i.embedder.EclipseLogger - Using platform encoding (Cp1252 actually) to copy filtered resources, i.e. build is platform dependent!
2016-10-28 15:04:21,105 [Worker-116] INFO  o.e.m.c.i.embedder.EclipseLogger - skip non existing resourceDirectory D:\workspace\USU Assignment\USU-Assignments\CS5700 - Object Oriented Software Development\Assignment 3\Assignment 3\src\test\resources
2016-10-28 15:04:35,652 [Worker-117] WARN  o.e.m.c.i.embedder.EclipseLogger - Using platform encoding (Cp1252 actually) to copy filtered resources, i.e. build is platform dependent!
2016-10-28 15:04:35,658 [Worker-117] INFO  o.e.m.c.i.embedder.EclipseLogger - Copying 8 resources
2016-10-28 15:04:35,660 [Worker-117] WARN  o.e.m.c.i.embedder.EclipseLogger - Using platform encoding (Cp1252 actually) to copy filtered resources, i.e. build is platform dependent!
2016-10-28 15:04:35,664 [Worker-117] INFO  o.e.m.c.i.embedder.EclipseLogger - skip non existing resourceDirectory D:\workspace\USU Assignment\USU-Assignments\CS5700 - Object Oriented Software Development\Assignment 3\Assignment 3\src\test\resources
2016-10-28 15:09:22,561 [Worker-122] WARN  o.e.m.c.i.embedder.EclipseLogger - Using platform encoding (Cp1252 actually) to copy filtered resources, i.e. build is platform dependent!
2016-10-28 15:09:22,567 [Worker-122] INFO  o.e.m.c.i.embedder.EclipseLogger - Copying 8 resources
2016-10-28 15:09:22,569 [Worker-122] WARN  o.e.m.c.i.embedder.EclipseLogger - Using platform encoding (Cp1252 actually) to copy filtered resources, i.e. build is platform dependent!
2016-10-28 15:09:22,573 [Worker-122] INFO  o.e.m.c.i.embedder.EclipseLogger - skip non existing resourceDirectory D:\workspace\USU Assignment\USU-Assignments\CS5700 - Object Oriented Software Development\Assignment 3\Assignment 3\src\test\resources
2016-10-28 15:10:12,898 [Worker-123] WARN  o.e.m.c.i.embedder.EclipseLogger - Using platform encoding (Cp1252 actually) to copy filtered resources, i.e. build is platform dependent!
2016-10-28 15:10:12,903 [Worker-123] INFO  o.e.m.c.i.embedder.EclipseLogger - Copying 8 resources
2016-10-28 15:10:12,905 [Worker-123] WARN  o.e.m.c.i.embedder.EclipseLogger - Using platform encoding (Cp1252 actually) to copy filtered resources, i.e. build is platform dependent!
2016-10-28 15:10:12,909 [Worker-123] INFO  o.e.m.c.i.embedder.EclipseLogger - skip non existing resourceDirectory D:\workspace\USU Assignment\USU-Assignments\CS5700 - Object Oriented Software Development\Assignment 3\Assignment 3\src\test\resources
2016-10-28 15:17:59,094 [Worker-124] WARN  o.e.m.c.i.embedder.EclipseLogger - Using platform encoding (Cp1252 actually) to copy filtered resources, i.e. build is platform dependent!
2016-10-28 15:17:59,105 [Worker-124] INFO  o.e.m.c.i.embedder.EclipseLogger - Copying 8 resources
2016-10-28 15:17:59,108 [Worker-124] WARN  o.e.m.c.i.embedder.EclipseLogger - Using platform encoding (Cp1252 actually) to copy filtered resources, i.e. build is platform dependent!
2016-10-28 15:17:59,113 [Worker-124] INFO  o.e.m.c.i.embedder.EclipseLogger - skip non existing resourceDirectory D:\workspace\USU Assignment\USU-Assignments\CS5700 - Object Oriented Software Development\Assignment 3\Assignment 3\src\test\resources
2016-10-28 15:21:17,915 [Worker-124] WARN  o.e.m.c.i.embedder.EclipseLogger - Using platform encoding (Cp1252 actually) to copy filtered resources, i.e. build is platform dependent!
2016-10-28 15:21:17,920 [Worker-124] INFO  o.e.m.c.i.embedder.EclipseLogger - Copying 8 resources
2016-10-28 15:21:17,922 [Worker-124] WARN  o.e.m.c.i.embedder.EclipseLogger - Using platform encoding (Cp1252 actually) to copy filtered resources, i.e. build is platform dependent!
2016-10-28 15:21:17,926 [Worker-124] INFO  o.e.m.c.i.embedder.EclipseLogger - skip non existing resourceDirectory D:\workspace\USU Assignment\USU-Assignments\CS5700 - Object Oriented Software Development\Assignment 3\Assignment 3\src\test\resources
2016-10-28 15:22:16,074 [Worker-120] WARN  o.e.m.c.i.embedder.EclipseLogger - Using platform encoding (Cp1252 actually) to copy filtered resources, i.e. build is platform dependent!
2016-10-28 15:22:16,079 [Worker-120] INFO  o.e.m.c.i.embedder.EclipseLogger - Copying 8 resources
2016-10-28 15:22:16,082 [Worker-120] WARN  o.e.m.c.i.embedder.EclipseLogger - Using platform encoding (Cp1252 actually) to copy filtered resources, i.e. build is platform dependent!
2016-10-28 15:22:16,086 [Worker-120] INFO  o.e.m.c.i.embedder.EclipseLogger - skip non existing resourceDirectory D:\workspace\USU Assignment\USU-Assignments\CS5700 - Object Oriented Software Development\Assignment 3\Assignment 3\src\test\resources
2016-10-28 15:22:26,240 [Worker-125] WARN  o.e.m.c.i.embedder.EclipseLogger - Using platform encoding (Cp1252 actually) to copy filtered resources, i.e. build is platform dependent!
2016-10-28 15:22:26,245 [Worker-125] INFO  o.e.m.c.i.embedder.EclipseLogger - Copying 8 resources
2016-10-28 15:22:26,247 [Worker-125] WARN  o.e.m.c.i.embedder.EclipseLogger - Using platform encoding (Cp1252 actually) to copy filtered resources, i.e. build is platform dependent!
2016-10-28 15:22:26,252 [Worker-125] INFO  o.e.m.c.i.embedder.EclipseLogger - skip non existing resourceDirectory D:\workspace\USU Assignment\USU-Assignments\CS5700 - Object Oriented Software Development\Assignment 3\Assignment 3\src\test\resources
2016-10-28 16:19:32,961 [Worker-167] WARN  o.e.m.c.i.embedder.EclipseLogger - Using platform encoding (Cp1252 actually) to copy filtered resources, i.e. build is platform dependent!
2016-10-28 16:19:32,985 [Worker-167] INFO  o.e.m.c.i.embedder.EclipseLogger - Copying 8 resources
2016-10-28 16:19:32,988 [Worker-167] WARN  o.e.m.c.i.embedder.EclipseLogger - Using platform encoding (Cp1252 actually) to copy filtered resources, i.e. build is platform dependent!
2016-10-28 16:19:32,998 [Worker-167] INFO  o.e.m.c.i.embedder.EclipseLogger - skip non existing resourceDirectory D:\workspace\USU Assignment\USU-Assignments\CS5700 - Object Oriented Software Development\Assignment 3\Assignment 3\src\test\resources
2016-10-28 16:19:35,733 [Worker-165] WARN  o.e.m.c.i.embedder.EclipseLogger - Using platform encoding (Cp1252 actually) to copy filtered resources, i.e. build is platform dependent!
2016-10-28 16:19:35,739 [Worker-165] INFO  o.e.m.c.i.embedder.EclipseLogger - Copying 8 resources
2016-10-28 16:19:35,740 [Worker-165] WARN  o.e.m.c.i.embedder.EclipseLogger - Using platform encoding (Cp1252 actually) to copy filtered resources, i.e. build is platform dependent!
2016-10-28 16:19:35,745 [Worker-165] INFO  o.e.m.c.i.embedder.EclipseLogger - skip non existing resourceDirectory D:\workspace\USU Assignment\USU-Assignments\CS5700 - Object Oriented Software Development\Assignment 3\Assignment 3\src\test\resources
2016-10-28 16:21:05,162 [Worker-173] WARN  o.e.m.c.i.embedder.EclipseLogger - Using platform encoding (Cp1252 actually) to copy filtered resources, i.e. build is platform dependent!
2016-10-28 16:21:05,174 [Worker-173] INFO  o.e.m.c.i.embedder.EclipseLogger - Copying 8 resources
2016-10-28 16:21:05,177 [Worker-173] WARN  o.e.m.c.i.embedder.EclipseLogger - Using platform encoding (Cp1252 actually) to copy filtered resources, i.e. build is platform dependent!
2016-10-28 16:21:05,181 [Worker-173] INFO  o.e.m.c.i.embedder.EclipseLogger - skip non existing resourceDirectory D:\workspace\USU Assignment\USU-Assignments\CS5700 - Object Oriented Software Development\Assignment 3\Assignment 3\src\test\resources
2016-10-28 16:28:22,113 [Worker-12] WARN  o.e.m.c.i.embedder.EclipseLogger - Using platform encoding (Cp1252 actually) to copy filtered resources, i.e. build is platform dependent!
2016-10-28 16:28:22,147 [Worker-12] INFO  o.e.m.c.i.embedder.EclipseLogger - Copying 8 resources
2016-10-28 16:28:22,155 [Worker-12] WARN  o.e.m.c.i.embedder.EclipseLogger - Using platform encoding (Cp1252 actually) to copy filtered resources, i.e. build is platform dependent!
2016-10-28 16:28:22,166 [Worker-12] INFO  o.e.m.c.i.embedder.EclipseLogger - skip non existing resourceDirectory D:\workspace\USU Assignment\USU-Assignments\CS5700 - Object Oriented Software Development\Assignment 3\Assignment 3\src\test\resources
2016-10-28 16:29:34,201 [Worker-2] WARN  o.e.m.c.i.embedder.EclipseLogger - Using platform encoding (Cp1252 actually) to copy filtered resources, i.e. build is platform dependent!
2016-10-28 16:29:34,230 [Worker-2] INFO  o.e.m.c.i.embedder.EclipseLogger - Copying 8 resources
2016-10-28 16:29:34,233 [Worker-2] WARN  o.e.m.c.i.embedder.EclipseLogger - Using platform encoding (Cp1252 actually) to copy filtered resources, i.e. build is platform dependent!
2016-10-28 16:29:34,237 [Worker-2] INFO  o.e.m.c.i.embedder.EclipseLogger - skip non existing resourceDirectory D:\workspace\USU Assignment\USU-Assignments\CS5700 - Object Oriented Software Development\Assignment 3\Assignment 3\src\test\resources
2016-10-28 18:05:47,929 [Worker-46] WARN  o.e.m.c.i.embedder.EclipseLogger - Using platform encoding (Cp1252 actually) to copy filtered resources, i.e. build is platform dependent!
2016-10-28 18:05:47,936 [Worker-46] INFO  o.e.m.c.i.embedder.EclipseLogger - Copying 8 resources
2016-10-28 18:05:47,938 [Worker-46] WARN  o.e.m.c.i.embedder.EclipseLogger - Using platform encoding (Cp1252 actually) to copy filtered resources, i.e. build is platform dependent!
2016-10-28 18:05:47,943 [Worker-46] INFO  o.e.m.c.i.embedder.EclipseLogger - skip non existing resourceDirectory D:\workspace\USU Assignment\USU-Assignments\CS5700 - Object Oriented Software Development\Assignment 3\Assignment 3\src\test\resources
2016-10-28 18:09:15,223 [Worker-44] WARN  o.e.m.c.i.embedder.EclipseLogger - Using platform encoding (Cp1252 actually) to copy filtered resources, i.e. build is platform dependent!
2016-10-28 18:09:15,230 [Worker-44] INFO  o.e.m.c.i.embedder.EclipseLogger - Copying 8 resources
2016-10-28 18:09:15,233 [Worker-44] WARN  o.e.m.c.i.embedder.EclipseLogger - Using platform encoding (Cp1252 actually) to copy filtered resources, i.e. build is platform dependent!
2016-10-28 18:09:15,238 [Worker-44] INFO  o.e.m.c.i.embedder.EclipseLogger - skip non existing resourceDirectory D:\workspace\USU Assignment\USU-Assignments\CS5700 - Object Oriented Software Development\Assignment 3\Assignment 3\src\test\resources
2016-10-28 18:10:07,643 [Worker-43] WARN  o.e.m.c.i.embedder.EclipseLogger - Using platform encoding (Cp1252 actually) to copy filtered resources, i.e. build is platform dependent!
2016-10-28 18:10:07,648 [Worker-43] INFO  o.e.m.c.i.embedder.EclipseLogger - Copying 8 resources
2016-10-28 18:10:07,651 [Worker-43] WARN  o.e.m.c.i.embedder.EclipseLogger - Using platform encoding (Cp1252 actually) to copy filtered resources, i.e. build is platform dependent!
2016-10-28 18:10:07,655 [Worker-43] INFO  o.e.m.c.i.embedder.EclipseLogger - skip non existing resourceDirectory D:\workspace\USU Assignment\USU-Assignments\CS5700 - Object Oriented Software Development\Assignment 3\Assignment 3\src\test\resources
2016-10-28 18:10:22,273 [Worker-44] WARN  o.e.m.c.i.embedder.EclipseLogger - Using platform encoding (Cp1252 actually) to copy filtered resources, i.e. build is platform dependent!
2016-10-28 18:10:22,279 [Worker-44] INFO  o.e.m.c.i.embedder.EclipseLogger - Copying 8 resources
2016-10-28 18:10:22,282 [Worker-44] WARN  o.e.m.c.i.embedder.EclipseLogger - Using platform encoding (Cp1252 actually) to copy filtered resources, i.e. build is platform dependent!
2016-10-28 18:10:22,287 [Worker-44] INFO  o.e.m.c.i.embedder.EclipseLogger - skip non existing resourceDirectory D:\workspace\USU Assignment\USU-Assignments\CS5700 - Object Oriented Software Development\Assignment 3\Assignment 3\src\test\resources
2016-10-28 18:16:15,668 [Worker-50] WARN  o.e.m.c.i.embedder.EclipseLogger - Using platform encoding (Cp1252 actually) to copy filtered resources, i.e. build is platform dependent!
2016-10-28 18:16:15,675 [Worker-50] INFO  o.e.m.c.i.embedder.EclipseLogger - Copying 8 resources
2016-10-28 18:16:15,678 [Worker-50] WARN  o.e.m.c.i.embedder.EclipseLogger - Using platform encoding (Cp1252 actually) to copy filtered resources, i.e. build is platform dependent!
2016-10-28 18:16:15,683 [Worker-50] INFO  o.e.m.c.i.embedder.EclipseLogger - skip non existing resourceDirectory D:\workspace\USU Assignment\USU-Assignments\CS5700 - Object Oriented Software Development\Assignment 3\Assignment 3\src\test\resources
2016-10-28 18:16:32,770 [Worker-50] WARN  o.e.m.c.i.embedder.EclipseLogger - Using platform encoding (Cp1252 actually) to copy filtered resources, i.e. build is platform dependent!
2016-10-28 18:16:32,777 [Worker-50] INFO  o.e.m.c.i.embedder.EclipseLogger - Copying 8 resources
2016-10-28 18:16:32,779 [Worker-50] WARN  o.e.m.c.i.embedder.EclipseLogger - Using platform encoding (Cp1252 actually) to copy filtered resources, i.e. build is platform dependent!
2016-10-28 18:16:32,785 [Worker-50] INFO  o.e.m.c.i.embedder.EclipseLogger - skip non existing resourceDirectory D:\workspace\USU Assignment\USU-Assignments\CS5700 - Object Oriented Software Development\Assignment 3\Assignment 3\src\test\resources
2016-10-28 18:19:17,536 [Worker-51] WARN  o.e.m.c.i.embedder.EclipseLogger - Using platform encoding (Cp1252 actually) to copy filtered resources, i.e. build is platform dependent!
2016-10-28 18:19:17,542 [Worker-51] INFO  o.e.m.c.i.embedder.EclipseLogger - Copying 8 resources
2016-10-28 18:19:17,544 [Worker-51] WARN  o.e.m.c.i.embedder.EclipseLogger - Using platform encoding (Cp1252 actually) to copy filtered resources, i.e. build is platform dependent!
2016-10-28 18:19:17,549 [Worker-51] INFO  o.e.m.c.i.embedder.EclipseLogger - skip non existing resourceDirectory D:\workspace\USU Assignment\USU-Assignments\CS5700 - Object Oriented Software Development\Assignment 3\Assignment 3\src\test\resources
2016-10-28 18:23:28,174 [Worker-55] WARN  o.e.m.c.i.embedder.EclipseLogger - Using platform encoding (Cp1252 actually) to copy filtered resources, i.e. build is platform dependent!
2016-10-28 18:23:28,180 [Worker-55] INFO  o.e.m.c.i.embedder.EclipseLogger - Copying 8 resources
2016-10-28 18:23:28,186 [Worker-55] WARN  o.e.m.c.i.embedder.EclipseLogger - Using platform encoding (Cp1252 actually) to copy filtered resources, i.e. build is platform dependent!
2016-10-28 18:23:28,190 [Worker-55] INFO  o.e.m.c.i.embedder.EclipseLogger - skip non existing resourceDirectory D:\workspace\USU Assignment\USU-Assignments\CS5700 - Object Oriented Software Development\Assignment 3\Assignment 3\src\test\resources
2016-10-28 18:28:21,940 [Worker-54] WARN  o.e.m.c.i.embedder.EclipseLogger - Using platform encoding (Cp1252 actually) to copy filtered resources, i.e. build is platform dependent!
2016-10-28 18:28:21,946 [Worker-54] INFO  o.e.m.c.i.embedder.EclipseLogger - Copying 8 resources
2016-10-28 18:28:21,949 [Worker-54] WARN  o.e.m.c.i.embedder.EclipseLogger - Using platform encoding (Cp1252 actually) to copy filtered resources, i.e. build is platform dependent!
2016-10-28 18:28:21,954 [Worker-54] INFO  o.e.m.c.i.embedder.EclipseLogger - skip non existing resourceDirectory D:\workspace\USU Assignment\USU-Assignments\CS5700 - Object Oriented Software Development\Assignment 3\Assignment 3\src\test\resources
2016-10-28 18:36:58,501 [Worker-58] WARN  o.e.m.c.i.embedder.EclipseLogger - Using platform encoding (Cp1252 actually) to copy filtered resources, i.e. build is platform dependent!
2016-10-28 18:36:58,509 [Worker-58] INFO  o.e.m.c.i.embedder.EclipseLogger - Copying 8 resources
2016-10-28 18:36:58,512 [Worker-58] WARN  o.e.m.c.i.embedder.EclipseLogger - Using platform encoding (Cp1252 actually) to copy filtered resources, i.e. build is platform dependent!
2016-10-28 18:36:58,516 [Worker-58] INFO  o.e.m.c.i.embedder.EclipseLogger - skip non existing resourceDirectory D:\workspace\USU Assignment\USU-Assignments\CS5700 - Object Oriented Software Development\Assignment 3\Assignment 3\src\test\resources
2016-10-28 18:42:06,593 [Worker-54] WARN  o.e.m.c.i.embedder.EclipseLogger - Using platform encoding (Cp1252 actually) to copy filtered resources, i.e. build is platform dependent!
2016-10-28 18:42:06,598 [Worker-54] INFO  o.e.m.c.i.embedder.EclipseLogger - Copying 8 resources
2016-10-28 18:42:06,601 [Worker-54] WARN  o.e.m.c.i.embedder.EclipseLogger - Using platform encoding (Cp1252 actually) to copy filtered resources, i.e. build is platform dependent!
2016-10-28 18:42:06,605 [Worker-54] INFO  o.e.m.c.i.embedder.EclipseLogger - skip non existing resourceDirectory D:\workspace\USU Assignment\USU-Assignments\CS5700 - Object Oriented Software Development\Assignment 3\Assignment 3\src\test\resources
2016-10-28 18:42:25,729 [Worker-68] WARN  o.e.m.c.i.embedder.EclipseLogger - Using platform encoding (Cp1252 actually) to copy filtered resources, i.e. build is platform dependent!
2016-10-28 18:42:25,735 [Worker-68] INFO  o.e.m.c.i.embedder.EclipseLogger - Copying 8 resources
2016-10-28 18:42:25,738 [Worker-68] WARN  o.e.m.c.i.embedder.EclipseLogger - Using platform encoding (Cp1252 actually) to copy filtered resources, i.e. build is platform dependent!
2016-10-28 18:42:25,743 [Worker-68] INFO  o.e.m.c.i.embedder.EclipseLogger - skip non existing resourceDirectory D:\workspace\USU Assignment\USU-Assignments\CS5700 - Object Oriented Software Development\Assignment 3\Assignment 3\src\test\resources
2016-10-28 19:17:27,874 [Worker-80] WARN  o.e.m.c.i.embedder.EclipseLogger - Using platform encoding (Cp1252 actually) to copy filtered resources, i.e. build is platform dependent!
2016-10-28 19:17:27,882 [Worker-80] INFO  o.e.m.c.i.embedder.EclipseLogger - Copying 8 resources
2016-10-28 19:17:27,885 [Worker-80] WARN  o.e.m.c.i.embedder.EclipseLogger - Using platform encoding (Cp1252 actually) to copy filtered resources, i.e. build is platform dependent!
2016-10-28 19:17:27,890 [Worker-80] INFO  o.e.m.c.i.embedder.EclipseLogger - skip non existing resourceDirectory D:\workspace\USU Assignment\USU-Assignments\CS5700 - Object Oriented Software Development\Assignment 3\Assignment 3\src\test\resources
2016-10-28 19:21:46,679 [Worker-84] WARN  o.e.m.c.i.embedder.EclipseLogger - Using platform encoding (Cp1252 actually) to copy filtered resources, i.e. build is platform dependent!
2016-10-28 19:21:46,686 [Worker-84] INFO  o.e.m.c.i.embedder.EclipseLogger - Copying 8 resources
2016-10-28 19:21:46,689 [Worker-84] WARN  o.e.m.c.i.embedder.EclipseLogger - Using platform encoding (Cp1252 actually) to copy filtered resources, i.e. build is platform dependent!
2016-10-28 19:21:46,693 [Worker-84] INFO  o.e.m.c.i.embedder.EclipseLogger - skip non existing resourceDirectory D:\workspace\USU Assignment\USU-Assignments\CS5700 - Object Oriented Software Development\Assignment 3\Assignment 3\src\test\resources
2016-10-28 19:26:56,894 [Worker-87] WARN  o.e.m.c.i.embedder.EclipseLogger - Using platform encoding (Cp1252 actually) to copy filtered resources, i.e. build is platform dependent!
2016-10-28 19:26:56,900 [Worker-87] INFO  o.e.m.c.i.embedder.EclipseLogger - Copying 8 resources
2016-10-28 19:26:56,903 [Worker-87] WARN  o.e.m.c.i.embedder.EclipseLogger - Using platform encoding (Cp1252 actually) to copy filtered resources, i.e. build is platform dependent!
2016-10-28 19:26:56,907 [Worker-87] INFO  o.e.m.c.i.embedder.EclipseLogger - skip non existing resourceDirectory D:\workspace\USU Assignment\USU-Assignments\CS5700 - Object Oriented Software Development\Assignment 3\Assignment 3\src\test\resources
2016-10-28 19:28:31,891 [Worker-86] WARN  o.e.m.c.i.embedder.EclipseLogger - Using platform encoding (Cp1252 actually) to copy filtered resources, i.e. build is platform dependent!
2016-10-28 19:28:31,903 [Worker-86] INFO  o.e.m.c.i.embedder.EclipseLogger - Copying 8 resources
2016-10-28 19:28:31,906 [Worker-86] WARN  o.e.m.c.i.embedder.EclipseLogger - Using platform encoding (Cp1252 actually) to copy filtered resources, i.e. build is platform dependent!
2016-10-28 19:28:31,912 [Worker-86] INFO  o.e.m.c.i.embedder.EclipseLogger - skip non existing resourceDirectory D:\workspace\USU Assignment\USU-Assignments\CS5700 - Object Oriented Software Development\Assignment 3\Assignment 3\src\test\resources
2016-10-28 19:29:22,003 [Worker-87] WARN  o.e.m.c.i.embedder.EclipseLogger - Using platform encoding (Cp1252 actually) to copy filtered resources, i.e. build is platform dependent!
2016-10-28 19:29:22,009 [Worker-87] INFO  o.e.m.c.i.embedder.EclipseLogger - Copying 8 resources
2016-10-28 19:29:22,011 [Worker-87] WARN  o.e.m.c.i.embedder.EclipseLogger - Using platform encoding (Cp1252 actually) to copy filtered resources, i.e. build is platform dependent!
2016-10-28 19:29:22,016 [Worker-87] INFO  o.e.m.c.i.embedder.EclipseLogger - skip non existing resourceDirectory D:\workspace\USU Assignment\USU-Assignments\CS5700 - Object Oriented Software Development\Assignment 3\Assignment 3\src\test\resources
2016-10-28 19:30:01,468 [Worker-78] WARN  o.e.m.c.i.embedder.EclipseLogger - Using platform encoding (Cp1252 actually) to copy filtered resources, i.e. build is platform dependent!
2016-10-28 19:30:01,474 [Worker-78] INFO  o.e.m.c.i.embedder.EclipseLogger - Copying 8 resources
2016-10-28 19:30:01,477 [Worker-78] WARN  o.e.m.c.i.embedder.EclipseLogger - Using platform encoding (Cp1252 actually) to copy filtered resources, i.e. build is platform dependent!
2016-10-28 19:30:01,481 [Worker-78] INFO  o.e.m.c.i.embedder.EclipseLogger - skip non existing resourceDirectory D:\workspace\USU Assignment\USU-Assignments\CS5700 - Object Oriented Software Development\Assignment 3\Assignment 3\src\test\resources
2016-10-28 19:33:16,032 [Worker-78] WARN  o.e.m.c.i.embedder.EclipseLogger - Using platform encoding (Cp1252 actually) to copy filtered resources, i.e. build is platform dependent!
2016-10-28 19:33:16,038 [Worker-78] INFO  o.e.m.c.i.embedder.EclipseLogger - Copying 8 resources
2016-10-28 19:33:16,040 [Worker-78] WARN  o.e.m.c.i.embedder.EclipseLogger - Using platform encoding (Cp1252 actually) to copy filtered resources, i.e. build is platform dependent!
2016-10-28 19:33:16,044 [Worker-78] INFO  o.e.m.c.i.embedder.EclipseLogger - skip non existing resourceDirectory D:\workspace\USU Assignment\USU-Assignments\CS5700 - Object Oriented Software Development\Assignment 3\Assignment 3\src\test\resources
2016-10-28 19:39:10,462 [Worker-94] WARN  o.e.m.c.i.embedder.EclipseLogger - Using platform encoding (Cp1252 actually) to copy filtered resources, i.e. build is platform dependent!
2016-10-28 19:39:10,468 [Worker-94] INFO  o.e.m.c.i.embedder.EclipseLogger - Copying 8 resources
2016-10-28 19:39:10,471 [Worker-94] WARN  o.e.m.c.i.embedder.EclipseLogger - Using platform encoding (Cp1252 actually) to copy filtered resources, i.e. build is platform dependent!
2016-10-28 19:39:10,475 [Worker-94] INFO  o.e.m.c.i.embedder.EclipseLogger - skip non existing resourceDirectory D:\workspace\USU Assignment\USU-Assignments\CS5700 - Object Oriented Software Development\Assignment 3\Assignment 3\src\test\resources
2016-10-28 19:40:02,411 [Worker-97] WARN  o.e.m.c.i.embedder.EclipseLogger - Using platform encoding (Cp1252 actually) to copy filtered resources, i.e. build is platform dependent!
2016-10-28 19:40:02,430 [Worker-97] INFO  o.e.m.c.i.embedder.EclipseLogger - Copying 8 resources
2016-10-28 19:40:02,434 [Worker-97] WARN  o.e.m.c.i.embedder.EclipseLogger - Using platform encoding (Cp1252 actually) to copy filtered resources, i.e. build is platform dependent!
2016-10-28 19:40:02,439 [Worker-97] INFO  o.e.m.c.i.embedder.EclipseLogger - skip non existing resourceDirectory D:\workspace\USU Assignment\USU-Assignments\CS5700 - Object Oriented Software Development\Assignment 3\Assignment 3\src\test\resources
2016-10-28 19:41:10,474 [Worker-97] WARN  o.e.m.c.i.embedder.EclipseLogger - Using platform encoding (Cp1252 actually) to copy filtered resources, i.e. build is platform dependent!
2016-10-28 19:41:10,480 [Worker-97] INFO  o.e.m.c.i.embedder.EclipseLogger - Copying 8 resources
2016-10-28 19:41:10,482 [Worker-97] WARN  o.e.m.c.i.embedder.EclipseLogger - Using platform encoding (Cp1252 actually) to copy filtered resources, i.e. build is platform dependent!
2016-10-28 19:41:10,486 [Worker-97] INFO  o.e.m.c.i.embedder.EclipseLogger - skip non existing resourceDirectory D:\workspace\USU Assignment\USU-Assignments\CS5700 - Object Oriented Software Development\Assignment 3\Assignment 3\src\test\resources
2016-10-28 19:46:31,140 [Worker-91] WARN  o.e.m.c.i.embedder.EclipseLogger - Using platform encoding (Cp1252 actually) to copy filtered resources, i.e. build is platform dependent!
2016-10-28 19:46:31,145 [Worker-91] INFO  o.e.m.c.i.embedder.EclipseLogger - Copying 8 resources
2016-10-28 19:46:31,147 [Worker-91] WARN  o.e.m.c.i.embedder.EclipseLogger - Using platform encoding (Cp1252 actually) to copy filtered resources, i.e. build is platform dependent!
2016-10-28 19:46:31,151 [Worker-91] INFO  o.e.m.c.i.embedder.EclipseLogger - skip non existing resourceDirectory D:\workspace\USU Assignment\USU-Assignments\CS5700 - Object Oriented Software Development\Assignment 3\Assignment 3\src\test\resources
2016-10-28 19:50:10,666 [Worker-105] WARN  o.e.m.c.i.embedder.EclipseLogger - Using platform encoding (Cp1252 actually) to copy filtered resources, i.e. build is platform dependent!
2016-10-28 19:50:10,672 [Worker-105] INFO  o.e.m.c.i.embedder.EclipseLogger - Copying 8 resources
2016-10-28 19:50:10,674 [Worker-105] WARN  o.e.m.c.i.embedder.EclipseLogger - Using platform encoding (Cp1252 actually) to copy filtered resources, i.e. build is platform dependent!
2016-10-28 19:50:10,679 [Worker-105] INFO  o.e.m.c.i.embedder.EclipseLogger - skip non existing resourceDirectory D:\workspace\USU Assignment\USU-Assignments\CS5700 - Object Oriented Software Development\Assignment 3\Assignment 3\src\test\resources
2016-10-28 19:52:16,044 [Worker-106] WARN  o.e.m.c.i.embedder.EclipseLogger - Using platform encoding (Cp1252 actually) to copy filtered resources, i.e. build is platform dependent!
2016-10-28 19:52:16,050 [Worker-106] INFO  o.e.m.c.i.embedder.EclipseLogger - Copying 8 resources
2016-10-28 19:52:16,052 [Worker-106] WARN  o.e.m.c.i.embedder.EclipseLogger - Using platform encoding (Cp1252 actually) to copy filtered resources, i.e. build is platform dependent!
2016-10-28 19:52:16,057 [Worker-106] INFO  o.e.m.c.i.embedder.EclipseLogger - skip non existing resourceDirectory D:\workspace\USU Assignment\USU-Assignments\CS5700 - Object Oriented Software Development\Assignment 3\Assignment 3\src\test\resources
2016-10-28 20:00:04,976 [Worker-104] WARN  o.e.m.c.i.embedder.EclipseLogger - Using platform encoding (Cp1252 actually) to copy filtered resources, i.e. build is platform dependent!
2016-10-28 20:00:04,982 [Worker-104] INFO  o.e.m.c.i.embedder.EclipseLogger - Copying 8 resources
2016-10-28 20:00:04,985 [Worker-104] WARN  o.e.m.c.i.embedder.EclipseLogger - Using platform encoding (Cp1252 actually) to copy filtered resources, i.e. build is platform dependent!
2016-10-28 20:00:04,989 [Worker-104] INFO  o.e.m.c.i.embedder.EclipseLogger - skip non existing resourceDirectory D:\workspace\USU Assignment\USU-Assignments\CS5700 - Object Oriented Software Development\Assignment 3\Assignment 3\src\test\resources
2016-10-28 20:00:25,134 [Worker-110] WARN  o.e.m.c.i.embedder.EclipseLogger - Using platform encoding (Cp1252 actually) to copy filtered resources, i.e. build is platform dependent!
2016-10-28 20:00:25,139 [Worker-110] INFO  o.e.m.c.i.embedder.EclipseLogger - Copying 8 resources
2016-10-28 20:00:25,141 [Worker-110] WARN  o.e.m.c.i.embedder.EclipseLogger - Using platform encoding (Cp1252 actually) to copy filtered resources, i.e. build is platform dependent!
2016-10-28 20:00:25,146 [Worker-110] INFO  o.e.m.c.i.embedder.EclipseLogger - skip non existing resourceDirectory D:\workspace\USU Assignment\USU-Assignments\CS5700 - Object Oriented Software Development\Assignment 3\Assignment 3\src\test\resources
2016-10-28 20:02:05,567 [Worker-114] WARN  o.e.m.c.i.embedder.EclipseLogger - Using platform encoding (Cp1252 actually) to copy filtered resources, i.e. build is platform dependent!
2016-10-28 20:02:05,573 [Worker-114] INFO  o.e.m.c.i.embedder.EclipseLogger - Copying 8 resources
2016-10-28 20:02:05,575 [Worker-114] WARN  o.e.m.c.i.embedder.EclipseLogger - Using platform encoding (Cp1252 actually) to copy filtered resources, i.e. build is platform dependent!
2016-10-28 20:02:05,579 [Worker-114] INFO  o.e.m.c.i.embedder.EclipseLogger - skip non existing resourceDirectory D:\workspace\USU Assignment\USU-Assignments\CS5700 - Object Oriented Software Development\Assignment 3\Assignment 3\src\test\resources
2016-10-28 20:02:27,598 [Worker-111] WARN  o.e.m.c.i.embedder.EclipseLogger - Using platform encoding (Cp1252 actually) to copy filtered resources, i.e. build is platform dependent!
2016-10-28 20:02:27,603 [Worker-111] INFO  o.e.m.c.i.embedder.EclipseLogger - Copying 8 resources
2016-10-28 20:02:27,607 [Worker-111] WARN  o.e.m.c.i.embedder.EclipseLogger - Using platform encoding (Cp1252 actually) to copy filtered resources, i.e. build is platform dependent!
2016-10-28 20:02:27,612 [Worker-111] INFO  o.e.m.c.i.embedder.EclipseLogger - skip non existing resourceDirectory D:\workspace\USU Assignment\USU-Assignments\CS5700 - Object Oriented Software Development\Assignment 3\Assignment 3\src\test\resources
2016-10-28 20:04:38,729 [Worker-116] WARN  o.e.m.c.i.embedder.EclipseLogger - Using platform encoding (Cp1252 actually) to copy filtered resources, i.e. build is platform dependent!
2016-10-28 20:04:38,734 [Worker-116] INFO  o.e.m.c.i.embedder.EclipseLogger - Copying 8 resources
2016-10-28 20:04:38,737 [Worker-116] WARN  o.e.m.c.i.embedder.EclipseLogger - Using platform encoding (Cp1252 actually) to copy filtered resources, i.e. build is platform dependent!
2016-10-28 20:04:38,742 [Worker-116] INFO  o.e.m.c.i.embedder.EclipseLogger - skip non existing resourceDirectory D:\workspace\USU Assignment\USU-Assignments\CS5700 - Object Oriented Software Development\Assignment 3\Assignment 3\src\test\resources
2016-10-28 20:05:23,038 [Worker-111] WARN  o.e.m.c.i.embedder.EclipseLogger - Using platform encoding (Cp1252 actually) to copy filtered resources, i.e. build is platform dependent!
2016-10-28 20:05:23,043 [Worker-111] INFO  o.e.m.c.i.embedder.EclipseLogger - Copying 8 resources
2016-10-28 20:05:23,046 [Worker-111] WARN  o.e.m.c.i.embedder.EclipseLogger - Using platform encoding (Cp1252 actually) to copy filtered resources, i.e. build is platform dependent!
2016-10-28 20:05:23,050 [Worker-111] INFO  o.e.m.c.i.embedder.EclipseLogger - skip non existing resourceDirectory D:\workspace\USU Assignment\USU-Assignments\CS5700 - Object Oriented Software Development\Assignment 3\Assignment 3\src\test\resources
2016-10-28 20:12:23,039 [Worker-114] WARN  o.e.m.c.i.embedder.EclipseLogger - Using platform encoding (Cp1252 actually) to copy filtered resources, i.e. build is platform dependent!
2016-10-28 20:12:23,045 [Worker-114] INFO  o.e.m.c.i.embedder.EclipseLogger - Copying 8 resources
2016-10-28 20:12:23,048 [Worker-114] WARN  o.e.m.c.i.embedder.EclipseLogger - Using platform encoding (Cp1252 actually) to copy filtered resources, i.e. build is platform dependent!
2016-10-28 20:12:23,052 [Worker-114] INFO  o.e.m.c.i.embedder.EclipseLogger - skip non existing resourceDirectory D:\workspace\USU Assignment\USU-Assignments\CS5700 - Object Oriented Software Development\Assignment 3\Assignment 3\src\test\resources
2016-10-28 20:39:34,739 [Worker-123] WARN  o.e.m.c.i.embedder.EclipseLogger - Using platform encoding (Cp1252 actually) to copy filtered resources, i.e. build is platform dependent!
2016-10-28 20:39:34,745 [Worker-123] INFO  o.e.m.c.i.embedder.EclipseLogger - Copying 8 resources
2016-10-28 20:39:34,748 [Worker-123] WARN  o.e.m.c.i.embedder.EclipseLogger - Using platform encoding (Cp1252 actually) to copy filtered resources, i.e. build is platform dependent!
2016-10-28 20:39:34,752 [Worker-123] INFO  o.e.m.c.i.embedder.EclipseLogger - skip non existing resourceDirectory D:\workspace\USU Assignment\USU-Assignments\CS5700 - Object Oriented Software Development\Assignment 3\Assignment 3\src\test\resources
2016-10-28 20:57:12,950 [Worker-134] WARN  o.e.m.c.i.embedder.EclipseLogger - Using platform encoding (Cp1252 actually) to copy filtered resources, i.e. build is platform dependent!
2016-10-28 20:57:12,956 [Worker-134] INFO  o.e.m.c.i.embedder.EclipseLogger - Copying 8 resources
2016-10-28 20:57:12,958 [Worker-134] WARN  o.e.m.c.i.embedder.EclipseLogger - Using platform encoding (Cp1252 actually) to copy filtered resources, i.e. build is platform dependent!
2016-10-28 20:57:12,962 [Worker-134] INFO  o.e.m.c.i.embedder.EclipseLogger - skip non existing resourceDirectory D:\workspace\USU Assignment\USU-Assignments\CS5700 - Object Oriented Software Development\Assignment 3\Assignment 3\src\test\resources
2016-10-28 20:57:54,437 [Worker-130] WARN  o.e.m.c.i.embedder.EclipseLogger - Using platform encoding (Cp1252 actually) to copy filtered resources, i.e. build is platform dependent!
2016-10-28 20:57:54,443 [Worker-130] INFO  o.e.m.c.i.embedder.EclipseLogger - Copying 8 resources
2016-10-28 20:57:54,446 [Worker-130] WARN  o.e.m.c.i.embedder.EclipseLogger - Using platform encoding (Cp1252 actually) to copy filtered resources, i.e. build is platform dependent!
2016-10-28 20:57:54,451 [Worker-130] INFO  o.e.m.c.i.embedder.EclipseLogger - skip non existing resourceDirectory D:\workspace\USU Assignment\USU-Assignments\CS5700 - Object Oriented Software Development\Assignment 3\Assignment 3\src\test\resources
2016-10-28 21:01:21,266 [Worker-138] WARN  o.e.m.c.i.embedder.EclipseLogger - Using platform encoding (Cp1252 actually) to copy filtered resources, i.e. build is platform dependent!
2016-10-28 21:01:21,271 [Worker-138] INFO  o.e.m.c.i.embedder.EclipseLogger - Copying 8 resources
2016-10-28 21:01:21,274 [Worker-138] WARN  o.e.m.c.i.embedder.EclipseLogger - Using platform encoding (Cp1252 actually) to copy filtered resources, i.e. build is platform dependent!
2016-10-28 21:01:21,278 [Worker-138] INFO  o.e.m.c.i.embedder.EclipseLogger - skip non existing resourceDirectory D:\workspace\USU Assignment\USU-Assignments\CS5700 - Object Oriented Software Development\Assignment 3\Assignment 3\src\test\resources
2016-10-28 21:02:02,771 [Worker-145] WARN  o.e.m.c.i.embedder.EclipseLogger - Using platform encoding (Cp1252 actually) to copy filtered resources, i.e. build is platform dependent!
2016-10-28 21:02:02,777 [Worker-145] INFO  o.e.m.c.i.embedder.EclipseLogger - Copying 8 resources
2016-10-28 21:02:02,779 [Worker-145] WARN  o.e.m.c.i.embedder.EclipseLogger - Using platform encoding (Cp1252 actually) to copy filtered resources, i.e. build is platform dependent!
2016-10-28 21:02:02,784 [Worker-145] INFO  o.e.m.c.i.embedder.EclipseLogger - skip non existing resourceDirectory D:\workspace\USU Assignment\USU-Assignments\CS5700 - Object Oriented Software Development\Assignment 3\Assignment 3\src\test\resources
2016-10-28 21:03:32,437 [Worker-144] WARN  o.e.m.c.i.embedder.EclipseLogger - Using platform encoding (Cp1252 actually) to copy filtered resources, i.e. build is platform dependent!
2016-10-28 21:03:32,443 [Worker-144] INFO  o.e.m.c.i.embedder.EclipseLogger - Copying 8 resources
2016-10-28 21:03:32,445 [Worker-144] WARN  o.e.m.c.i.embedder.EclipseLogger - Using platform encoding (Cp1252 actually) to copy filtered resources, i.e. build is platform dependent!
2016-10-28 21:03:32,449 [Worker-144] INFO  o.e.m.c.i.embedder.EclipseLogger - skip non existing resourceDirectory D:\workspace\USU Assignment\USU-Assignments\CS5700 - Object Oriented Software Development\Assignment 3\Assignment 3\src\test\resources
2016-10-28 21:14:12,781 [Worker-149] WARN  o.e.m.c.i.embedder.EclipseLogger - Using platform encoding (Cp1252 actually) to copy filtered resources, i.e. build is platform dependent!
2016-10-28 21:14:12,788 [Worker-149] INFO  o.e.m.c.i.embedder.EclipseLogger - Copying 8 resources
2016-10-28 21:14:12,790 [Worker-149] WARN  o.e.m.c.i.embedder.EclipseLogger - Using platform encoding (Cp1252 actually) to copy filtered resources, i.e. build is platform dependent!
2016-10-28 21:14:12,794 [Worker-149] INFO  o.e.m.c.i.embedder.EclipseLogger - skip non existing resourceDirectory D:\workspace\USU Assignment\USU-Assignments\CS5700 - Object Oriented Software Development\Assignment 3\Assignment 3\src\test\resources
2016-10-28 21:15:53,200 [Worker-150] WARN  o.e.m.c.i.embedder.EclipseLogger - Using platform encoding (Cp1252 actually) to copy filtered resources, i.e. build is platform dependent!
2016-10-28 21:15:53,206 [Worker-150] INFO  o.e.m.c.i.embedder.EclipseLogger - Copying 8 resources
2016-10-28 21:15:53,209 [Worker-150] WARN  o.e.m.c.i.embedder.EclipseLogger - Using platform encoding (Cp1252 actually) to copy filtered resources, i.e. build is platform dependent!
2016-10-28 21:15:53,213 [Worker-150] INFO  o.e.m.c.i.embedder.EclipseLogger - skip non existing resourceDirectory D:\workspace\USU Assignment\USU-Assignments\CS5700 - Object Oriented Software Development\Assignment 3\Assignment 3\src\test\resources
2016-10-28 21:24:40,554 [Worker-150] WARN  o.e.m.c.i.embedder.EclipseLogger - Using platform encoding (Cp1252 actually) to copy filtered resources, i.e. build is platform dependent!
2016-10-28 21:24:40,560 [Worker-150] INFO  o.e.m.c.i.embedder.EclipseLogger - Copying 8 resources
2016-10-28 21:24:40,562 [Worker-150] WARN  o.e.m.c.i.embedder.EclipseLogger - Using platform encoding (Cp1252 actually) to copy filtered resources, i.e. build is platform dependent!
2016-10-28 21:24:40,567 [Worker-150] INFO  o.e.m.c.i.embedder.EclipseLogger - skip non existing resourceDirectory D:\workspace\USU Assignment\USU-Assignments\CS5700 - Object Oriented Software Development\Assignment 3\Assignment 3\src\test\resources
2016-10-28 21:31:18,713 [Worker-157] WARN  o.e.m.c.i.embedder.EclipseLogger - Using platform encoding (Cp1252 actually) to copy filtered resources, i.e. build is platform dependent!
2016-10-28 21:31:18,719 [Worker-157] INFO  o.e.m.c.i.embedder.EclipseLogger - Copying 8 resources
2016-10-28 21:31:18,722 [Worker-157] WARN  o.e.m.c.i.embedder.EclipseLogger - Using platform encoding (Cp1252 actually) to copy filtered resources, i.e. build is platform dependent!
2016-10-28 21:31:18,726 [Worker-157] INFO  o.e.m.c.i.embedder.EclipseLogger - skip non existing resourceDirectory D:\workspace\USU Assignment\USU-Assignments\CS5700 - Object Oriented Software Development\Assignment 3\Assignment 3\src\test\resources
2016-10-28 21:31:59,572 [Worker-162] WARN  o.e.m.c.i.embedder.EclipseLogger - Using platform encoding (Cp1252 actually) to copy filtered resources, i.e. build is platform dependent!
2016-10-28 21:31:59,579 [Worker-162] INFO  o.e.m.c.i.embedder.EclipseLogger - Copying 8 resources
2016-10-28 21:31:59,581 [Worker-162] WARN  o.e.m.c.i.embedder.EclipseLogger - Using platform encoding (Cp1252 actually) to copy filtered resources, i.e. build is platform dependent!
2016-10-28 21:31:59,586 [Worker-162] INFO  o.e.m.c.i.embedder.EclipseLogger - skip non existing resourceDirectory D:\workspace\USU Assignment\USU-Assignments\CS5700 - Object Oriented Software Development\Assignment 3\Assignment 3\src\test\resources
2016-10-28 21:34:00,305 [Worker-162] WARN  o.e.m.c.i.embedder.EclipseLogger - Using platform encoding (Cp1252 actually) to copy filtered resources, i.e. build is platform dependent!
2016-10-28 21:34:00,310 [Worker-162] INFO  o.e.m.c.i.embedder.EclipseLogger - Copying 8 resources
2016-10-28 21:34:00,312 [Worker-162] WARN  o.e.m.c.i.embedder.EclipseLogger - Using platform encoding (Cp1252 actually) to copy filtered resources, i.e. build is platform dependent!
2016-10-28 21:34:00,316 [Worker-162] INFO  o.e.m.c.i.embedder.EclipseLogger - skip non existing resourceDirectory D:\workspace\USU Assignment\USU-Assignments\CS5700 - Object Oriented Software Development\Assignment 3\Assignment 3\src\test\resources
2016-10-28 21:36:27,194 [Worker-157] WARN  o.e.m.c.i.embedder.EclipseLogger - Using platform encoding (Cp1252 actually) to copy filtered resources, i.e. build is platform dependent!
2016-10-28 21:36:27,199 [Worker-157] INFO  o.e.m.c.i.embedder.EclipseLogger - Copying 8 resources
2016-10-28 21:36:27,201 [Worker-157] WARN  o.e.m.c.i.embedder.EclipseLogger - Using platform encoding (Cp1252 actually) to copy filtered resources, i.e. build is platform dependent!
2016-10-28 21:36:27,206 [Worker-157] INFO  o.e.m.c.i.embedder.EclipseLogger - skip non existing resourceDirectory D:\workspace\USU Assignment\USU-Assignments\CS5700 - Object Oriented Software Development\Assignment 3\Assignment 3\src\test\resources
2016-10-29 11:20:27,071 [Worker-333] WARN  o.e.m.c.i.embedder.EclipseLogger - Using platform encoding (Cp1252 actually) to copy filtered resources, i.e. build is platform dependent!
2016-10-29 11:20:27,146 [Worker-333] INFO  o.e.m.c.i.embedder.EclipseLogger - Copying 8 resources
2016-10-29 11:20:27,149 [Worker-333] WARN  o.e.m.c.i.embedder.EclipseLogger - Using platform encoding (Cp1252 actually) to copy filtered resources, i.e. build is platform dependent!
2016-10-29 11:20:27,156 [Worker-333] INFO  o.e.m.c.i.embedder.EclipseLogger - skip non existing resourceDirectory D:\workspace\USU Assignment\USU-Assignments\CS5700 - Object Oriented Software Development\Assignment 3\Assignment 3\src\test\resources
2016-10-29 11:21:09,473 [Worker-333] WARN  o.e.m.c.i.embedder.EclipseLogger - Using platform encoding (Cp1252 actually) to copy filtered resources, i.e. build is platform dependent!
2016-10-29 11:21:09,479 [Worker-333] INFO  o.e.m.c.i.embedder.EclipseLogger - Copying 8 resources
2016-10-29 11:21:09,481 [Worker-333] WARN  o.e.m.c.i.embedder.EclipseLogger - Using platform encoding (Cp1252 actually) to copy filtered resources, i.e. build is platform dependent!
2016-10-29 11:21:09,485 [Worker-333] INFO  o.e.m.c.i.embedder.EclipseLogger - skip non existing resourceDirectory D:\workspace\USU Assignment\USU-Assignments\CS5700 - Object Oriented Software Development\Assignment 3\Assignment 3\src\test\resources
2016-10-29 11:22:51,158 [Worker-332] WARN  o.e.m.c.i.embedder.EclipseLogger - Using platform encoding (Cp1252 actually) to copy filtered resources, i.e. build is platform dependent!
2016-10-29 11:22:51,165 [Worker-332] INFO  o.e.m.c.i.embedder.EclipseLogger - Copying 8 resources
2016-10-29 11:22:51,167 [Worker-332] WARN  o.e.m.c.i.embedder.EclipseLogger - Using platform encoding (Cp1252 actually) to copy filtered resources, i.e. build is platform dependent!
2016-10-29 11:22:51,172 [Worker-332] INFO  o.e.m.c.i.embedder.EclipseLogger - skip non existing resourceDirectory D:\workspace\USU Assignment\USU-Assignments\CS5700 - Object Oriented Software Development\Assignment 3\Assignment 3\src\test\resources
2016-10-29 11:23:49,297 [Worker-336] WARN  o.e.m.c.i.embedder.EclipseLogger - Using platform encoding (Cp1252 actually) to copy filtered resources, i.e. build is platform dependent!
2016-10-29 11:23:49,303 [Worker-336] INFO  o.e.m.c.i.embedder.EclipseLogger - Copying 8 resources
2016-10-29 11:23:49,306 [Worker-336] WARN  o.e.m.c.i.embedder.EclipseLogger - Using platform encoding (Cp1252 actually) to copy filtered resources, i.e. build is platform dependent!
2016-10-29 11:23:49,310 [Worker-336] INFO  o.e.m.c.i.embedder.EclipseLogger - skip non existing resourceDirectory D:\workspace\USU Assignment\USU-Assignments\CS5700 - Object Oriented Software Development\Assignment 3\Assignment 3\src\test\resources
2016-10-29 12:24:13,205 [Worker-353] WARN  o.e.m.c.i.embedder.EclipseLogger - Using platform encoding (Cp1252 actually) to copy filtered resources, i.e. build is platform dependent!
2016-10-29 12:24:13,250 [Worker-353] INFO  o.e.m.c.i.embedder.EclipseLogger - Copying 8 resources
2016-10-29 12:24:13,252 [Worker-353] WARN  o.e.m.c.i.embedder.EclipseLogger - Using platform encoding (Cp1252 actually) to copy filtered resources, i.e. build is platform dependent!
2016-10-29 12:24:13,257 [Worker-353] INFO  o.e.m.c.i.embedder.EclipseLogger - skip non existing resourceDirectory D:\workspace\USU Assignment\USU-Assignments\CS5700 - Object Oriented Software Development\Assignment 3\Assignment 3\src\test\resources
2016-10-29 12:24:42,846 [Worker-350] WARN  o.e.m.c.i.embedder.EclipseLogger - Using platform encoding (Cp1252 actually) to copy filtered resources, i.e. build is platform dependent!
2016-10-29 12:24:42,852 [Worker-350] INFO  o.e.m.c.i.embedder.EclipseLogger - Copying 8 resources
2016-10-29 12:24:42,854 [Worker-350] WARN  o.e.m.c.i.embedder.EclipseLogger - Using platform encoding (Cp1252 actually) to copy filtered resources, i.e. build is platform dependent!
2016-10-29 12:24:42,859 [Worker-350] INFO  o.e.m.c.i.embedder.EclipseLogger - skip non existing resourceDirectory D:\workspace\USU Assignment\USU-Assignments\CS5700 - Object Oriented Software Development\Assignment 3\Assignment 3\src\test\resources
2016-10-29 12:25:23,949 [Worker-351] WARN  o.e.m.c.i.embedder.EclipseLogger - Using platform encoding (Cp1252 actually) to copy filtered resources, i.e. build is platform dependent!
2016-10-29 12:25:23,954 [Worker-351] INFO  o.e.m.c.i.embedder.EclipseLogger - Copying 8 resources
2016-10-29 12:25:23,956 [Worker-351] WARN  o.e.m.c.i.embedder.EclipseLogger - Using platform encoding (Cp1252 actually) to copy filtered resources, i.e. build is platform dependent!
2016-10-29 12:25:23,960 [Worker-351] INFO  o.e.m.c.i.embedder.EclipseLogger - skip non existing resourceDirectory D:\workspace\USU Assignment\USU-Assignments\CS5700 - Object Oriented Software Development\Assignment 3\Assignment 3\src\test\resources
2016-10-29 12:27:32,122 [Worker-353] WARN  o.e.m.c.i.embedder.EclipseLogger - Using platform encoding (Cp1252 actually) to copy filtered resources, i.e. build is platform dependent!
2016-10-29 12:27:32,127 [Worker-353] INFO  o.e.m.c.i.embedder.EclipseLogger - Copying 8 resources
2016-10-29 12:27:32,130 [Worker-353] WARN  o.e.m.c.i.embedder.EclipseLogger - Using platform encoding (Cp1252 actually) to copy filtered resources, i.e. build is platform dependent!
2016-10-29 12:27:32,134 [Worker-353] INFO  o.e.m.c.i.embedder.EclipseLogger - skip non existing resourceDirectory D:\workspace\USU Assignment\USU-Assignments\CS5700 - Object Oriented Software Development\Assignment 3\Assignment 3\src\test\resources
2016-10-29 12:27:42,954 [Worker-355] WARN  o.e.m.c.i.embedder.EclipseLogger - Using platform encoding (Cp1252 actually) to copy filtered resources, i.e. build is platform dependent!
2016-10-29 12:27:42,962 [Worker-355] INFO  o.e.m.c.i.embedder.EclipseLogger - Copying 8 resources
2016-10-29 12:27:42,965 [Worker-355] WARN  o.e.m.c.i.embedder.EclipseLogger - Using platform encoding (Cp1252 actually) to copy filtered resources, i.e. build is platform dependent!
2016-10-29 12:27:42,971 [Worker-355] INFO  o.e.m.c.i.embedder.EclipseLogger - skip non existing resourceDirectory D:\workspace\USU Assignment\USU-Assignments\CS5700 - Object Oriented Software Development\Assignment 3\Assignment 3\src\test\resources
2016-10-29 12:30:33,415 [Worker-349] WARN  o.e.m.c.i.embedder.EclipseLogger - Using platform encoding (Cp1252 actually) to copy filtered resources, i.e. build is platform dependent!
2016-10-29 12:30:33,421 [Worker-349] INFO  o.e.m.c.i.embedder.EclipseLogger - Copying 8 resources
2016-10-29 12:30:33,424 [Worker-349] WARN  o.e.m.c.i.embedder.EclipseLogger - Using platform encoding (Cp1252 actually) to copy filtered resources, i.e. build is platform dependent!
2016-10-29 12:30:33,428 [Worker-349] INFO  o.e.m.c.i.embedder.EclipseLogger - skip non existing resourceDirectory D:\workspace\USU Assignment\USU-Assignments\CS5700 - Object Oriented Software Development\Assignment 3\Assignment 3\src\test\resources
2016-10-29 12:31:09,398 [Worker-353] WARN  o.e.m.c.i.embedder.EclipseLogger - Using platform encoding (Cp1252 actually) to copy filtered resources, i.e. build is platform dependent!
2016-10-29 12:31:09,403 [Worker-353] INFO  o.e.m.c.i.embedder.EclipseLogger - Copying 8 resources
2016-10-29 12:31:09,406 [Worker-353] WARN  o.e.m.c.i.embedder.EclipseLogger - Using platform encoding (Cp1252 actually) to copy filtered resources, i.e. build is platform dependent!
2016-10-29 12:31:09,411 [Worker-353] INFO  o.e.m.c.i.embedder.EclipseLogger - skip non existing resourceDirectory D:\workspace\USU Assignment\USU-Assignments\CS5700 - Object Oriented Software Development\Assignment 3\Assignment 3\src\test\resources
2016-10-29 12:38:11,350 [Worker-362] WARN  o.e.m.c.i.embedder.EclipseLogger - Using platform encoding (Cp1252 actually) to copy filtered resources, i.e. build is platform dependent!
2016-10-29 12:38:11,384 [Worker-362] INFO  o.e.m.c.i.embedder.EclipseLogger - Copying 8 resources
2016-10-29 12:38:11,386 [Worker-362] WARN  o.e.m.c.i.embedder.EclipseLogger - Using platform encoding (Cp1252 actually) to copy filtered resources, i.e. build is platform dependent!
2016-10-29 12:38:11,391 [Worker-362] INFO  o.e.m.c.i.embedder.EclipseLogger - skip non existing resourceDirectory D:\workspace\USU Assignment\USU-Assignments\CS5700 - Object Oriented Software Development\Assignment 3\Assignment 3\src\test\resources
2016-10-29 12:38:16,704 [Worker-363] WARN  o.e.m.c.i.embedder.EclipseLogger - Using platform encoding (Cp1252 actually) to copy filtered resources, i.e. build is platform dependent!
2016-10-29 12:38:16,711 [Worker-363] INFO  o.e.m.c.i.embedder.EclipseLogger - Copying 8 resources
2016-10-29 12:38:16,714 [Worker-363] WARN  o.e.m.c.i.embedder.EclipseLogger - Using platform encoding (Cp1252 actually) to copy filtered resources, i.e. build is platform dependent!
2016-10-29 12:38:16,719 [Worker-363] INFO  o.e.m.c.i.embedder.EclipseLogger - skip non existing resourceDirectory D:\workspace\USU Assignment\USU-Assignments\CS5700 - Object Oriented Software Development\Assignment 3\Assignment 3\src\test\resources
2016-10-29 13:10:46,034 [Worker-369] WARN  o.e.m.c.i.embedder.EclipseLogger - Using platform encoding (Cp1252 actually) to copy filtered resources, i.e. build is platform dependent!
2016-10-29 13:10:46,042 [Worker-369] INFO  o.e.m.c.i.embedder.EclipseLogger - Copying 8 resources
2016-10-29 13:10:46,045 [Worker-369] WARN  o.e.m.c.i.embedder.EclipseLogger - Using platform encoding (Cp1252 actually) to copy filtered resources, i.e. build is platform dependent!
2016-10-29 13:10:46,049 [Worker-369] INFO  o.e.m.c.i.embedder.EclipseLogger - skip non existing resourceDirectory D:\workspace\USU Assignment\USU-Assignments\CS5700 - Object Oriented Software Development\Assignment 3\Assignment 3\src\test\resources
2016-10-29 13:12:18,659 [Worker-374] WARN  o.e.m.c.i.embedder.EclipseLogger - Using platform encoding (Cp1252 actually) to copy filtered resources, i.e. build is platform dependent!
2016-10-29 13:12:18,664 [Worker-374] INFO  o.e.m.c.i.embedder.EclipseLogger - Copying 8 resources
2016-10-29 13:12:18,666 [Worker-374] WARN  o.e.m.c.i.embedder.EclipseLogger - Using platform encoding (Cp1252 actually) to copy filtered resources, i.e. build is platform dependent!
2016-10-29 13:12:18,671 [Worker-374] INFO  o.e.m.c.i.embedder.EclipseLogger - skip non existing resourceDirectory D:\workspace\USU Assignment\USU-Assignments\CS5700 - Object Oriented Software Development\Assignment 3\Assignment 3\src\test\resources
2016-10-29 13:13:38,649 [Worker-373] WARN  o.e.m.c.i.embedder.EclipseLogger - Using platform encoding (Cp1252 actually) to copy filtered resources, i.e. build is platform dependent!
2016-10-29 13:13:38,655 [Worker-373] INFO  o.e.m.c.i.embedder.EclipseLogger - Copying 8 resources
2016-10-29 13:13:38,657 [Worker-373] WARN  o.e.m.c.i.embedder.EclipseLogger - Using platform encoding (Cp1252 actually) to copy filtered resources, i.e. build is platform dependent!
2016-10-29 13:13:38,662 [Worker-373] INFO  o.e.m.c.i.embedder.EclipseLogger - skip non existing resourceDirectory D:\workspace\USU Assignment\USU-Assignments\CS5700 - Object Oriented Software Development\Assignment 3\Assignment 3\src\test\resources
2016-10-29 13:16:13,083 [Worker-377] WARN  o.e.m.c.i.embedder.EclipseLogger - Using platform encoding (Cp1252 actually) to copy filtered resources, i.e. build is platform dependent!
2016-10-29 13:16:13,093 [Worker-377] INFO  o.e.m.c.i.embedder.EclipseLogger - Copying 8 resources
2016-10-29 13:16:13,096 [Worker-377] WARN  o.e.m.c.i.embedder.EclipseLogger - Using platform encoding (Cp1252 actually) to copy filtered resources, i.e. build is platform dependent!
2016-10-29 13:16:13,101 [Worker-377] INFO  o.e.m.c.i.embedder.EclipseLogger - skip non existing resourceDirectory D:\workspace\USU Assignment\USU-Assignments\CS5700 - Object Oriented Software Development\Assignment 3\Assignment 3\src\test\resources
2016-10-29 14:54:35,918 [Worker-406] WARN  o.e.m.c.i.embedder.EclipseLogger - Using platform encoding (Cp1252 actually) to copy filtered resources, i.e. build is platform dependent!
2016-10-29 14:54:35,925 [Worker-406] INFO  o.e.m.c.i.embedder.EclipseLogger - Copying 8 resources
2016-10-29 14:54:35,927 [Worker-406] WARN  o.e.m.c.i.embedder.EclipseLogger - Using platform encoding (Cp1252 actually) to copy filtered resources, i.e. build is platform dependent!
2016-10-29 14:54:35,932 [Worker-406] INFO  o.e.m.c.i.embedder.EclipseLogger - skip non existing resourceDirectory D:\workspace\USU Assignment\USU-Assignments\CS5700 - Object Oriented Software Development\Assignment 3\Assignment 3\src\test\resources
2016-10-29 14:55:26,743 [Worker-407] WARN  o.e.m.c.i.embedder.EclipseLogger - Using platform encoding (Cp1252 actually) to copy filtered resources, i.e. build is platform dependent!
2016-10-29 14:55:26,751 [Worker-407] INFO  o.e.m.c.i.embedder.EclipseLogger - Copying 8 resources
2016-10-29 14:55:26,753 [Worker-407] WARN  o.e.m.c.i.embedder.EclipseLogger - Using platform encoding (Cp1252 actually) to copy filtered resources, i.e. build is platform dependent!
2016-10-29 14:55:26,757 [Worker-407] INFO  o.e.m.c.i.embedder.EclipseLogger - skip non existing resourceDirectory D:\workspace\USU Assignment\USU-Assignments\CS5700 - Object Oriented Software Development\Assignment 3\Assignment 3\src\test\resources
2016-10-29 14:57:28,842 [Worker-408] WARN  o.e.m.c.i.embedder.EclipseLogger - Using platform encoding (Cp1252 actually) to copy filtered resources, i.e. build is platform dependent!
2016-10-29 14:57:28,847 [Worker-408] INFO  o.e.m.c.i.embedder.EclipseLogger - Copying 8 resources
2016-10-29 14:57:28,851 [Worker-408] WARN  o.e.m.c.i.embedder.EclipseLogger - Using platform encoding (Cp1252 actually) to copy filtered resources, i.e. build is platform dependent!
2016-10-29 14:57:28,855 [Worker-408] INFO  o.e.m.c.i.embedder.EclipseLogger - skip non existing resourceDirectory D:\workspace\USU Assignment\USU-Assignments\CS5700 - Object Oriented Software Development\Assignment 3\Assignment 3\src\test\resources
2016-10-29 14:58:29,488 [Worker-406] WARN  o.e.m.c.i.embedder.EclipseLogger - Using platform encoding (Cp1252 actually) to copy filtered resources, i.e. build is platform dependent!
2016-10-29 14:58:29,498 [Worker-406] INFO  o.e.m.c.i.embedder.EclipseLogger - Copying 8 resources
2016-10-29 14:58:29,500 [Worker-406] WARN  o.e.m.c.i.embedder.EclipseLogger - Using platform encoding (Cp1252 actually) to copy filtered resources, i.e. build is platform dependent!
2016-10-29 14:58:29,505 [Worker-406] INFO  o.e.m.c.i.embedder.EclipseLogger - skip non existing resourceDirectory D:\workspace\USU Assignment\USU-Assignments\CS5700 - Object Oriented Software Development\Assignment 3\Assignment 3\src\test\resources
2016-10-29 14:59:15,585 [Worker-405] WARN  o.e.m.c.i.embedder.EclipseLogger - Using platform encoding (Cp1252 actually) to copy filtered resources, i.e. build is platform dependent!
2016-10-29 14:59:15,591 [Worker-405] INFO  o.e.m.c.i.embedder.EclipseLogger - Copying 8 resources
2016-10-29 14:59:15,593 [Worker-405] WARN  o.e.m.c.i.embedder.EclipseLogger - Using platform encoding (Cp1252 actually) to copy filtered resources, i.e. build is platform dependent!
2016-10-29 14:59:15,597 [Worker-405] INFO  o.e.m.c.i.embedder.EclipseLogger - skip non existing resourceDirectory D:\workspace\USU Assignment\USU-Assignments\CS5700 - Object Oriented Software Development\Assignment 3\Assignment 3\src\test\resources
2016-10-29 15:00:57,315 [Worker-409] WARN  o.e.m.c.i.embedder.EclipseLogger - Using platform encoding (Cp1252 actually) to copy filtered resources, i.e. build is platform dependent!
2016-10-29 15:00:57,323 [Worker-409] INFO  o.e.m.c.i.embedder.EclipseLogger - Copying 8 resources
2016-10-29 15:00:57,326 [Worker-409] WARN  o.e.m.c.i.embedder.EclipseLogger - Using platform encoding (Cp1252 actually) to copy filtered resources, i.e. build is platform dependent!
2016-10-29 15:00:57,331 [Worker-409] INFO  o.e.m.c.i.embedder.EclipseLogger - skip non existing resourceDirectory D:\workspace\USU Assignment\USU-Assignments\CS5700 - Object Oriented Software Development\Assignment 3\Assignment 3\src\test\resources
2016-10-29 15:02:03,757 [Worker-408] WARN  o.e.m.c.i.embedder.EclipseLogger - Using platform encoding (Cp1252 actually) to copy filtered resources, i.e. build is platform dependent!
2016-10-29 15:02:03,763 [Worker-408] INFO  o.e.m.c.i.embedder.EclipseLogger - Copying 8 resources
2016-10-29 15:02:03,766 [Worker-408] WARN  o.e.m.c.i.embedder.EclipseLogger - Using platform encoding (Cp1252 actually) to copy filtered resources, i.e. build is platform dependent!
2016-10-29 15:02:03,770 [Worker-408] INFO  o.e.m.c.i.embedder.EclipseLogger - skip non existing resourceDirectory D:\workspace\USU Assignment\USU-Assignments\CS5700 - Object Oriented Software Development\Assignment 3\Assignment 3\src\test\resources
2016-10-29 15:02:52,673 [Worker-408] WARN  o.e.m.c.i.embedder.EclipseLogger - Using platform encoding (Cp1252 actually) to copy filtered resources, i.e. build is platform dependent!
2016-10-29 15:02:52,680 [Worker-408] INFO  o.e.m.c.i.embedder.EclipseLogger - Copying 8 resources
2016-10-29 15:02:52,684 [Worker-408] WARN  o.e.m.c.i.embedder.EclipseLogger - Using platform encoding (Cp1252 actually) to copy filtered resources, i.e. build is platform dependent!
2016-10-29 15:02:52,691 [Worker-408] INFO  o.e.m.c.i.embedder.EclipseLogger - skip non existing resourceDirectory D:\workspace\USU Assignment\USU-Assignments\CS5700 - Object Oriented Software Development\Assignment 3\Assignment 3\src\test\resources
2016-10-29 15:08:00,021 [Worker-408] WARN  o.e.m.c.i.embedder.EclipseLogger - Using platform encoding (Cp1252 actually) to copy filtered resources, i.e. build is platform dependent!
2016-10-29 15:08:00,027 [Worker-408] INFO  o.e.m.c.i.embedder.EclipseLogger - Copying 8 resources
2016-10-29 15:08:00,029 [Worker-408] WARN  o.e.m.c.i.embedder.EclipseLogger - Using platform encoding (Cp1252 actually) to copy filtered resources, i.e. build is platform dependent!
2016-10-29 15:08:00,033 [Worker-408] INFO  o.e.m.c.i.embedder.EclipseLogger - skip non existing resourceDirectory D:\workspace\USU Assignment\USU-Assignments\CS5700 - Object Oriented Software Development\Assignment 3\Assignment 3\src\test\resources
2016-10-29 15:09:50,237 [Worker-406] WARN  o.e.m.c.i.embedder.EclipseLogger - Using platform encoding (Cp1252 actually) to copy filtered resources, i.e. build is platform dependent!
2016-10-29 15:09:50,251 [Worker-406] INFO  o.e.m.c.i.embedder.EclipseLogger - Copying 8 resources
2016-10-29 15:09:50,254 [Worker-406] WARN  o.e.m.c.i.embedder.EclipseLogger - Using platform encoding (Cp1252 actually) to copy filtered resources, i.e. build is platform dependent!
2016-10-29 15:09:50,262 [Worker-406] INFO  o.e.m.c.i.embedder.EclipseLogger - skip non existing resourceDirectory D:\workspace\USU Assignment\USU-Assignments\CS5700 - Object Oriented Software Development\Assignment 3\Assignment 3\src\test\resources
2016-10-29 15:11:27,318 [Worker-414] WARN  o.e.m.c.i.embedder.EclipseLogger - Using platform encoding (Cp1252 actually) to copy filtered resources, i.e. build is platform dependent!
2016-10-29 15:11:27,325 [Worker-414] INFO  o.e.m.c.i.embedder.EclipseLogger - Copying 8 resources
2016-10-29 15:11:27,327 [Worker-414] WARN  o.e.m.c.i.embedder.EclipseLogger - Using platform encoding (Cp1252 actually) to copy filtered resources, i.e. build is platform dependent!
2016-10-29 15:11:27,332 [Worker-414] INFO  o.e.m.c.i.embedder.EclipseLogger - skip non existing resourceDirectory D:\workspace\USU Assignment\USU-Assignments\CS5700 - Object Oriented Software Development\Assignment 3\Assignment 3\src\test\resources
2016-10-29 15:15:02,574 [Worker-411] WARN  o.e.m.c.i.embedder.EclipseLogger - Using platform encoding (Cp1252 actually) to copy filtered resources, i.e. build is platform dependent!
2016-10-29 15:15:02,580 [Worker-411] INFO  o.e.m.c.i.embedder.EclipseLogger - Copying 8 resources
2016-10-29 15:15:02,582 [Worker-411] WARN  o.e.m.c.i.embedder.EclipseLogger - Using platform encoding (Cp1252 actually) to copy filtered resources, i.e. build is platform dependent!
2016-10-29 15:15:02,587 [Worker-411] INFO  o.e.m.c.i.embedder.EclipseLogger - skip non existing resourceDirectory D:\workspace\USU Assignment\USU-Assignments\CS5700 - Object Oriented Software Development\Assignment 3\Assignment 3\src\test\resources
2016-10-29 15:18:12,875 [Worker-411] WARN  o.e.m.c.i.embedder.EclipseLogger - Using platform encoding (Cp1252 actually) to copy filtered resources, i.e. build is platform dependent!
2016-10-29 15:18:12,882 [Worker-411] INFO  o.e.m.c.i.embedder.EclipseLogger - Copying 8 resources
2016-10-29 15:18:12,884 [Worker-411] WARN  o.e.m.c.i.embedder.EclipseLogger - Using platform encoding (Cp1252 actually) to copy filtered resources, i.e. build is platform dependent!
2016-10-29 15:18:12,892 [Worker-411] INFO  o.e.m.c.i.embedder.EclipseLogger - skip non existing resourceDirectory D:\workspace\USU Assignment\USU-Assignments\CS5700 - Object Oriented Software Development\Assignment 3\Assignment 3\src\test\resources
2016-10-29 15:23:11,582 [Worker-419] WARN  o.e.m.c.i.embedder.EclipseLogger - Using platform encoding (Cp1252 actually) to copy filtered resources, i.e. build is platform dependent!
2016-10-29 15:23:11,591 [Worker-419] INFO  o.e.m.c.i.embedder.EclipseLogger - Copying 8 resources
2016-10-29 15:23:11,593 [Worker-419] WARN  o.e.m.c.i.embedder.EclipseLogger - Using platform encoding (Cp1252 actually) to copy filtered resources, i.e. build is platform dependent!
2016-10-29 15:23:11,598 [Worker-419] INFO  o.e.m.c.i.embedder.EclipseLogger - skip non existing resourceDirectory D:\workspace\USU Assignment\USU-Assignments\CS5700 - Object Oriented Software Development\Assignment 3\Assignment 3\src\test\resources
2016-10-29 15:24:19,542 [Worker-422] WARN  o.e.m.c.i.embedder.EclipseLogger - Using platform encoding (Cp1252 actually) to copy filtered resources, i.e. build is platform dependent!
2016-10-29 15:24:19,550 [Worker-422] INFO  o.e.m.c.i.embedder.EclipseLogger - Copying 8 resources
2016-10-29 15:24:19,553 [Worker-422] WARN  o.e.m.c.i.embedder.EclipseLogger - Using platform encoding (Cp1252 actually) to copy filtered resources, i.e. build is platform dependent!
2016-10-29 15:24:19,560 [Worker-422] INFO  o.e.m.c.i.embedder.EclipseLogger - skip non existing resourceDirectory D:\workspace\USU Assignment\USU-Assignments\CS5700 - Object Oriented Software Development\Assignment 3\Assignment 3\src\test\resources
2016-10-29 15:25:36,655 [Worker-421] WARN  o.e.m.c.i.embedder.EclipseLogger - Using platform encoding (Cp1252 actually) to copy filtered resources, i.e. build is platform dependent!
2016-10-29 15:25:36,661 [Worker-421] INFO  o.e.m.c.i.embedder.EclipseLogger - Copying 8 resources
2016-10-29 15:25:36,664 [Worker-421] WARN  o.e.m.c.i.embedder.EclipseLogger - Using platform encoding (Cp1252 actually) to copy filtered resources, i.e. build is platform dependent!
2016-10-29 15:25:36,670 [Worker-421] INFO  o.e.m.c.i.embedder.EclipseLogger - skip non existing resourceDirectory D:\workspace\USU Assignment\USU-Assignments\CS5700 - Object Oriented Software Development\Assignment 3\Assignment 3\src\test\resources
2016-10-29 15:27:27,335 [Worker-418] WARN  o.e.m.c.i.embedder.EclipseLogger - Using platform encoding (Cp1252 actually) to copy filtered resources, i.e. build is platform dependent!
2016-10-29 15:27:27,342 [Worker-418] INFO  o.e.m.c.i.embedder.EclipseLogger - Copying 8 resources
2016-10-29 15:27:27,344 [Worker-418] WARN  o.e.m.c.i.embedder.EclipseLogger - Using platform encoding (Cp1252 actually) to copy filtered resources, i.e. build is platform dependent!
2016-10-29 15:27:27,349 [Worker-418] INFO  o.e.m.c.i.embedder.EclipseLogger - skip non existing resourceDirectory D:\workspace\USU Assignment\USU-Assignments\CS5700 - Object Oriented Software Development\Assignment 3\Assignment 3\src\test\resources
2016-10-29 15:30:48,315 [Worker-414] WARN  o.e.m.c.i.embedder.EclipseLogger - Using platform encoding (Cp1252 actually) to copy filtered resources, i.e. build is platform dependent!
2016-10-29 15:30:48,322 [Worker-414] INFO  o.e.m.c.i.embedder.EclipseLogger - Copying 8 resources
2016-10-29 15:30:48,325 [Worker-414] WARN  o.e.m.c.i.embedder.EclipseLogger - Using platform encoding (Cp1252 actually) to copy filtered resources, i.e. build is platform dependent!
2016-10-29 15:30:48,330 [Worker-414] INFO  o.e.m.c.i.embedder.EclipseLogger - skip non existing resourceDirectory D:\workspace\USU Assignment\USU-Assignments\CS5700 - Object Oriented Software Development\Assignment 3\Assignment 3\src\test\resources
2016-10-29 15:31:42,417 [Worker-420] WARN  o.e.m.c.i.embedder.EclipseLogger - Using platform encoding (Cp1252 actually) to copy filtered resources, i.e. build is platform dependent!
2016-10-29 15:31:42,422 [Worker-420] INFO  o.e.m.c.i.embedder.EclipseLogger - Copying 8 resources
2016-10-29 15:31:42,425 [Worker-420] WARN  o.e.m.c.i.embedder.EclipseLogger - Using platform encoding (Cp1252 actually) to copy filtered resources, i.e. build is platform dependent!
2016-10-29 15:31:42,430 [Worker-420] INFO  o.e.m.c.i.embedder.EclipseLogger - skip non existing resourceDirectory D:\workspace\USU Assignment\USU-Assignments\CS5700 - Object Oriented Software Development\Assignment 3\Assignment 3\src\test\resources
2016-10-29 16:21:46,808 [Worker-441] WARN  o.e.m.c.i.embedder.EclipseLogger - Using platform encoding (Cp1252 actually) to copy filtered resources, i.e. build is platform dependent!
2016-10-29 16:21:46,814 [Worker-441] INFO  o.e.m.c.i.embedder.EclipseLogger - Copying 8 resources
2016-10-29 16:21:46,817 [Worker-441] WARN  o.e.m.c.i.embedder.EclipseLogger - Using platform encoding (Cp1252 actually) to copy filtered resources, i.e. build is platform dependent!
2016-10-29 16:21:46,821 [Worker-441] INFO  o.e.m.c.i.embedder.EclipseLogger - skip non existing resourceDirectory D:\workspace\USU Assignment\USU-Assignments\CS5700 - Object Oriented Software Development\Assignment 3\Assignment 3\src\test\resources
2016-10-29 16:22:38,476 [Worker-445] WARN  o.e.m.c.i.embedder.EclipseLogger - Using platform encoding (Cp1252 actually) to copy filtered resources, i.e. build is platform dependent!
2016-10-29 16:22:38,484 [Worker-445] INFO  o.e.m.c.i.embedder.EclipseLogger - Copying 8 resources
2016-10-29 16:22:38,487 [Worker-445] WARN  o.e.m.c.i.embedder.EclipseLogger - Using platform encoding (Cp1252 actually) to copy filtered resources, i.e. build is platform dependent!
2016-10-29 16:22:38,491 [Worker-445] INFO  o.e.m.c.i.embedder.EclipseLogger - skip non existing resourceDirectory D:\workspace\USU Assignment\USU-Assignments\CS5700 - Object Oriented Software Development\Assignment 3\Assignment 3\src\test\resources
2016-10-29 16:22:56,212 [Worker-447] WARN  o.e.m.c.i.embedder.EclipseLogger - Using platform encoding (Cp1252 actually) to copy filtered resources, i.e. build is platform dependent!
2016-10-29 16:22:56,217 [Worker-447] INFO  o.e.m.c.i.embedder.EclipseLogger - Copying 8 resources
2016-10-29 16:22:56,220 [Worker-447] WARN  o.e.m.c.i.embedder.EclipseLogger - Using platform encoding (Cp1252 actually) to copy filtered resources, i.e. build is platform dependent!
2016-10-29 16:22:56,224 [Worker-447] INFO  o.e.m.c.i.embedder.EclipseLogger - skip non existing resourceDirectory D:\workspace\USU Assignment\USU-Assignments\CS5700 - Object Oriented Software Development\Assignment 3\Assignment 3\src\test\resources
2016-10-29 16:24:15,166 [Worker-447] WARN  o.e.m.c.i.embedder.EclipseLogger - Using platform encoding (Cp1252 actually) to copy filtered resources, i.e. build is platform dependent!
2016-10-29 16:24:15,173 [Worker-447] INFO  o.e.m.c.i.embedder.EclipseLogger - Copying 8 resources
2016-10-29 16:24:15,175 [Worker-447] WARN  o.e.m.c.i.embedder.EclipseLogger - Using platform encoding (Cp1252 actually) to copy filtered resources, i.e. build is platform dependent!
2016-10-29 16:24:15,180 [Worker-447] INFO  o.e.m.c.i.embedder.EclipseLogger - skip non existing resourceDirectory D:\workspace\USU Assignment\USU-Assignments\CS5700 - Object Oriented Software Development\Assignment 3\Assignment 3\src\test\resources
2016-10-29 16:25:11,085 [Worker-447] WARN  o.e.m.c.i.embedder.EclipseLogger - Using platform encoding (Cp1252 actually) to copy filtered resources, i.e. build is platform dependent!
2016-10-29 16:25:11,091 [Worker-447] INFO  o.e.m.c.i.embedder.EclipseLogger - Copying 8 resources
2016-10-29 16:25:11,093 [Worker-447] WARN  o.e.m.c.i.embedder.EclipseLogger - Using platform encoding (Cp1252 actually) to copy filtered resources, i.e. build is platform dependent!
2016-10-29 16:25:11,097 [Worker-447] INFO  o.e.m.c.i.embedder.EclipseLogger - skip non existing resourceDirectory D:\workspace\USU Assignment\USU-Assignments\CS5700 - Object Oriented Software Development\Assignment 3\Assignment 3\src\test\resources
2016-10-29 16:26:43,561 [Worker-442] WARN  o.e.m.c.i.embedder.EclipseLogger - Using platform encoding (Cp1252 actually) to copy filtered resources, i.e. build is platform dependent!
2016-10-29 16:26:43,566 [Worker-442] INFO  o.e.m.c.i.embedder.EclipseLogger - Copying 8 resources
2016-10-29 16:26:43,568 [Worker-442] WARN  o.e.m.c.i.embedder.EclipseLogger - Using platform encoding (Cp1252 actually) to copy filtered resources, i.e. build is platform dependent!
2016-10-29 16:26:43,573 [Worker-442] INFO  o.e.m.c.i.embedder.EclipseLogger - skip non existing resourceDirectory D:\workspace\USU Assignment\USU-Assignments\CS5700 - Object Oriented Software Development\Assignment 3\Assignment 3\src\test\resources
2016-10-29 16:28:07,631 [Worker-446] WARN  o.e.m.c.i.embedder.EclipseLogger - Using platform encoding (Cp1252 actually) to copy filtered resources, i.e. build is platform dependent!
2016-10-29 16:28:07,637 [Worker-446] INFO  o.e.m.c.i.embedder.EclipseLogger - Copying 8 resources
2016-10-29 16:28:07,639 [Worker-446] WARN  o.e.m.c.i.embedder.EclipseLogger - Using platform encoding (Cp1252 actually) to copy filtered resources, i.e. build is platform dependent!
2016-10-29 16:28:07,643 [Worker-446] INFO  o.e.m.c.i.embedder.EclipseLogger - skip non existing resourceDirectory D:\workspace\USU Assignment\USU-Assignments\CS5700 - Object Oriented Software Development\Assignment 3\Assignment 3\src\test\resources
2016-10-29 16:29:35,048 [Worker-442] WARN  o.e.m.c.i.embedder.EclipseLogger - Using platform encoding (Cp1252 actually) to copy filtered resources, i.e. build is platform dependent!
2016-10-29 16:29:35,053 [Worker-442] INFO  o.e.m.c.i.embedder.EclipseLogger - Copying 8 resources
2016-10-29 16:29:35,056 [Worker-442] WARN  o.e.m.c.i.embedder.EclipseLogger - Using platform encoding (Cp1252 actually) to copy filtered resources, i.e. build is platform dependent!
2016-10-29 16:29:35,060 [Worker-442] INFO  o.e.m.c.i.embedder.EclipseLogger - skip non existing resourceDirectory D:\workspace\USU Assignment\USU-Assignments\CS5700 - Object Oriented Software Development\Assignment 3\Assignment 3\src\test\resources
2016-10-29 16:32:16,243 [Worker-451] WARN  o.e.m.c.i.embedder.EclipseLogger - Using platform encoding (Cp1252 actually) to copy filtered resources, i.e. build is platform dependent!
2016-10-29 16:32:16,249 [Worker-451] INFO  o.e.m.c.i.embedder.EclipseLogger - Copying 8 resources
2016-10-29 16:32:16,251 [Worker-451] WARN  o.e.m.c.i.embedder.EclipseLogger - Using platform encoding (Cp1252 actually) to copy filtered resources, i.e. build is platform dependent!
2016-10-29 16:32:16,255 [Worker-451] INFO  o.e.m.c.i.embedder.EclipseLogger - skip non existing resourceDirectory D:\workspace\USU Assignment\USU-Assignments\CS5700 - Object Oriented Software Development\Assignment 3\Assignment 3\src\test\resources
